{"environment":"development","level":"\u001b[32minfo\u001b[39m","message":"\u001b[32mLogger initialized\u001b[39m","timestamp":"2025-10-25 17:43:47:949","transports":4}
{"ecommerceApiUrl":"https://syrnyk-v2-production.up.railway.app","hasApiToken":true,"level":"\u001b[32minfo\u001b[39m","message":"\u001b[32mDatabaseService initialized\u001b[39m","timestamp":"2025-10-25 17:43:48:049"}
{"ecommerceApiUrl":"https://syrnyk-v2-production.up.railway.app","hasApiToken":true,"level":"\u001b[32minfo\u001b[39m","message":"\u001b[32mDatabaseService initialized\u001b[39m","timestamp":"2025-10-25 17:43:48:051"}
{"level":"\u001b[32minfo\u001b[39m","message":"\u001b[32mCRM Integration Service started on port 3005\u001b[39m","timestamp":"2025-10-25 17:43:48:177"}
{"level":"\u001b[32minfo\u001b[39m","message":"\u001b[32mEnvironment: development\u001b[39m","timestamp":"2025-10-25 17:43:48:178"}
{"level":"\u001b[32minfo\u001b[39m","message":"\u001b[32mPort: 3005\u001b[39m","timestamp":"2025-10-25 17:43:48:178"}
{"level":"\u001b[32minfo\u001b[39m","message":"\u001b[32mEcommerce API URL: https://syrnyk-v2-production.up.railway.app\u001b[39m","timestamp":"2025-10-25 17:43:48:178"}
{"level":"\u001b[32minfo\u001b[39m","message":"\u001b[32mAvailable endpoints:\u001b[39m","timestamp":"2025-10-25 17:43:48:179"}
{"level":"\u001b[32minfo\u001b[39m","message":"\u001b[32m- POST /api/bot/telegram-order\u001b[39m","timestamp":"2025-10-25 17:43:48:179"}
{"level":"\u001b[32minfo\u001b[39m","message":"\u001b[32m- GET /api/bot/telegram-health\u001b[39m","timestamp":"2025-10-25 17:43:48:179"}
{"level":"\u001b[32minfo\u001b[39m","message":"\u001b[32m- POST /api/bot/test-product-conversion\u001b[39m","timestamp":"2025-10-25 17:43:48:180"}
{"level":"\u001b[32minfo\u001b[39m","message":"\u001b[32m- POST /api/sync/update-deal-status (requires auth)\u001b[39m","timestamp":"2025-10-25 17:43:48:180"}
{"level":"\u001b[32minfo\u001b[39m","message":"\u001b[32m- POST /api/sync/create-deal (requires auth)\u001b[39m","timestamp":"2025-10-25 17:43:48:180"}
{"level":"\u001b[32minfo\u001b[39m","message":"\u001b[32m- GET /api/sync/status/:orderId (requires auth)\u001b[39m","timestamp":"2025-10-25 17:43:48:180"}
{"level":"\u001b[32minfo\u001b[39m","message":"\u001b[32m- GET /api/sync/health\u001b[39m","timestamp":"2025-10-25 17:43:48:181"}
{"level":"\u001b[32minfo\u001b[39m","message":"\u001b[32m- GET /health\u001b[39m","timestamp":"2025-10-25 17:43:48:181"}
{"level":"\u001b[32minfo\u001b[39m","message":"\u001b[32mSIGINT received, shutting down gracefully\u001b[39m","timestamp":"2025-10-25 17:47:05:133"}
{"environment":"development","level":"\u001b[32minfo\u001b[39m","message":"\u001b[32mLogger initialized\u001b[39m","timestamp":"2026-03-28 18:46:51:267","transports":4}
{"fetchAll":false,"level":"\u001b[32minfo\u001b[39m","limit":1,"message":"\u001b[32mFetching products from KeyCRM\u001b[39m","page":1,"timestamp":"2026-03-28 18:46:51:273"}
{"level":"\u001b[31merror\u001b[39m","message":"\u001b[31mKeyCRM API Response Error\u001b[39m","timestamp":"2026-03-28 18:46:51:275"}
{"environment":"development","level":"\u001b[32minfo\u001b[39m","message":"\u001b[32mLogger initialized\u001b[39m","timestamp":"2026-03-28 19:40:21:124","transports":4}
{"ecommerceApiUrl":"https://syrnyk-v2-production.up.railway.app","hasApiToken":true,"level":"\u001b[32minfo\u001b[39m","message":"\u001b[32mDatabaseService initialized\u001b[39m","timestamp":"2026-03-28 19:40:21:220"}
{"ecommerceApiUrl":"https://syrnyk-v2-production.up.railway.app","hasApiToken":true,"level":"\u001b[32minfo\u001b[39m","message":"\u001b[32mDatabaseService initialized\u001b[39m","timestamp":"2026-03-28 19:40:21:222"}
{"ecommerceApiUrl":"https://syrnyk-v2-production.up.railway.app","hasApiToken":true,"level":"\u001b[32minfo\u001b[39m","message":"\u001b[32mDatabaseService initialized\u001b[39m","timestamp":"2026-03-28 19:40:21:225"}
{"level":"\u001b[32minfo\u001b[39m","message":"\u001b[32mCRM Integration Service started on port 3005\u001b[39m","timestamp":"2026-03-28 19:40:21:339"}
{"level":"\u001b[32minfo\u001b[39m","message":"\u001b[32mEnvironment: development\u001b[39m","timestamp":"2026-03-28 19:40:21:340"}
{"level":"\u001b[32minfo\u001b[39m","message":"\u001b[32mPort: 3005\u001b[39m","timestamp":"2026-03-28 19:40:21:340"}
{"level":"\u001b[32minfo\u001b[39m","message":"\u001b[32mEcommerce API URL: https://syrnyk-v2-production.up.railway.app\u001b[39m","timestamp":"2026-03-28 19:40:21:340"}
{"level":"\u001b[32minfo\u001b[39m","message":"\u001b[32mAvailable endpoints:\u001b[39m","timestamp":"2026-03-28 19:40:21:340"}
{"level":"\u001b[32minfo\u001b[39m","message":"\u001b[32m- POST /api/bot/telegram-order\u001b[39m","timestamp":"2026-03-28 19:40:21:341"}
{"level":"\u001b[32minfo\u001b[39m","message":"\u001b[32m- GET /api/bot/telegram-health\u001b[39m","timestamp":"2026-03-28 19:40:21:341"}
{"level":"\u001b[32minfo\u001b[39m","message":"\u001b[32m- POST /api/bot/test-product-conversion\u001b[39m","timestamp":"2026-03-28 19:40:21:341"}
{"level":"\u001b[32minfo\u001b[39m","message":"\u001b[32m- POST /api/sync/update-deal-status (requires auth)\u001b[39m","timestamp":"2026-03-28 19:40:21:342"}
{"level":"\u001b[32minfo\u001b[39m","message":"\u001b[32m- POST /api/sync/create-deal (requires auth)\u001b[39m","timestamp":"2026-03-28 19:40:21:342"}
{"level":"\u001b[32minfo\u001b[39m","message":"\u001b[32m- GET /api/sync/status/:orderId (requires auth)\u001b[39m","timestamp":"2026-03-28 19:40:21:342"}
{"level":"\u001b[32minfo\u001b[39m","message":"\u001b[32m- GET /api/sync/health\u001b[39m","timestamp":"2026-03-28 19:40:21:342"}
{"level":"\u001b[32minfo\u001b[39m","message":"\u001b[32m- GET /health\u001b[39m","timestamp":"2026-03-28 19:40:21:342"}
{"level":"\u001b[32minfo\u001b[39m","message":"\u001b[32m::1 - - [28/Mar/2026:18:40:36 +0000] \"GET /api/products/3?lang=ru HTTP/1.1\" 200 77 \"-\" \"curl/8.18.0\"\u001b[39m","timestamp":"2026-03-28 19:40:36:260"}
{"level":"\u001b[32minfo\u001b[39m","message":"\u001b[32m::1 - - [28/Mar/2026:18:40:50 +0000] \"GET /api/products/3?lang=fr HTTP/1.1\" 200 85 \"-\" \"curl/8.18.0\"\u001b[39m","timestamp":"2026-03-28 19:40:50:524"}
{"level":"\u001b[32minfo\u001b[39m","message":"\u001b[32m::1 - - [28/Mar/2026:18:40:57 +0000] \"GET /api/products/3?lang=ua HTTP/1.1\" 200 98 \"-\" \"curl/8.18.0\"\u001b[39m","timestamp":"2026-03-28 19:40:57:882"}
{"environment":"development","level":"\u001b[32minfo\u001b[39m","message":"\u001b[32mLogger initialized\u001b[39m","timestamp":"2026-03-28 22:50:33:713","transports":4}
{"ecommerceApiUrl":"https://syrnyk-v2-production.up.railway.app","hasApiToken":true,"level":"\u001b[32minfo\u001b[39m","message":"\u001b[32mDatabaseService initialized\u001b[39m","timestamp":"2026-03-28 22:50:33:818"}
{"ecommerceApiUrl":"https://syrnyk-v2-production.up.railway.app","hasApiToken":true,"level":"\u001b[32minfo\u001b[39m","message":"\u001b[32mDatabaseService initialized\u001b[39m","timestamp":"2026-03-28 22:50:33:820"}
{"ecommerceApiUrl":"https://syrnyk-v2-production.up.railway.app","hasApiToken":true,"level":"\u001b[32minfo\u001b[39m","message":"\u001b[32mDatabaseService initialized\u001b[39m","timestamp":"2026-03-28 22:50:33:824"}
{"level":"\u001b[32minfo\u001b[39m","message":"\u001b[32mCRM Integration Service started on port 3005\u001b[39m","timestamp":"2026-03-28 22:50:33:896"}
{"level":"\u001b[32minfo\u001b[39m","message":"\u001b[32mEnvironment: development\u001b[39m","timestamp":"2026-03-28 22:50:33:897"}
{"level":"\u001b[32minfo\u001b[39m","message":"\u001b[32mPort: 3005\u001b[39m","timestamp":"2026-03-28 22:50:33:897"}
{"level":"\u001b[32minfo\u001b[39m","message":"\u001b[32mEcommerce API URL: https://syrnyk-v2-production.up.railway.app\u001b[39m","timestamp":"2026-03-28 22:50:33:897"}
{"level":"\u001b[32minfo\u001b[39m","message":"\u001b[32mAvailable endpoints:\u001b[39m","timestamp":"2026-03-28 22:50:33:898"}
{"level":"\u001b[32minfo\u001b[39m","message":"\u001b[32m- POST /api/bot/telegram-order\u001b[39m","timestamp":"2026-03-28 22:50:33:898"}
{"level":"\u001b[32minfo\u001b[39m","message":"\u001b[32m- GET /api/bot/telegram-health\u001b[39m","timestamp":"2026-03-28 22:50:33:898"}
{"level":"\u001b[32minfo\u001b[39m","message":"\u001b[32m- POST /api/bot/test-product-conversion\u001b[39m","timestamp":"2026-03-28 22:50:33:899"}
{"level":"\u001b[32minfo\u001b[39m","message":"\u001b[32m- POST /api/sync/update-deal-status (requires auth)\u001b[39m","timestamp":"2026-03-28 22:50:33:899"}
{"level":"\u001b[32minfo\u001b[39m","message":"\u001b[32m- POST /api/sync/create-deal (requires auth)\u001b[39m","timestamp":"2026-03-28 22:50:33:899"}
{"level":"\u001b[32minfo\u001b[39m","message":"\u001b[32m- GET /api/sync/status/:orderId (requires auth)\u001b[39m","timestamp":"2026-03-28 22:50:33:899"}
{"level":"\u001b[32minfo\u001b[39m","message":"\u001b[32m- GET /api/sync/health\u001b[39m","timestamp":"2026-03-28 22:50:33:900"}
{"level":"\u001b[32minfo\u001b[39m","message":"\u001b[32m- GET /health\u001b[39m","timestamp":"2026-03-28 22:50:33:900"}
{"environment":"development","level":"\u001b[32minfo\u001b[39m","message":"\u001b[32mLogger initialized\u001b[39m","timestamp":"2026-03-28 22:50:43:838","transports":4}
{"ecommerceApiUrl":"https://syrnyk-v2-production.up.railway.app","hasApiToken":true,"level":"\u001b[32minfo\u001b[39m","message":"\u001b[32mDatabaseService initialized\u001b[39m","timestamp":"2026-03-28 22:50:43:873"}
{"ecommerceApiUrl":"https://syrnyk-v2-production.up.railway.app","hasApiToken":true,"level":"\u001b[32minfo\u001b[39m","message":"\u001b[32mDatabaseService initialized\u001b[39m","timestamp":"2026-03-28 22:50:43:939"}
{"ecommerceApiUrl":"https://syrnyk-v2-production.up.railway.app","hasApiToken":true,"level":"\u001b[32minfo\u001b[39m","message":"\u001b[32mDatabaseService initialized\u001b[39m","timestamp":"2026-03-28 22:50:43:941"}
{"ecommerceApiUrl":"https://syrnyk-v2-production.up.railway.app","hasApiToken":true,"level":"\u001b[32minfo\u001b[39m","message":"\u001b[32mDatabaseService initialized\u001b[39m","timestamp":"2026-03-28 22:50:43:946"}
{"level":"\u001b[32minfo\u001b[39m","message":"\u001b[32mCRM Integration Service started on port 3005\u001b[39m","timestamp":"2026-03-28 22:50:44:009"}
{"level":"\u001b[32minfo\u001b[39m","message":"\u001b[32mEnvironment: development\u001b[39m","timestamp":"2026-03-28 22:50:44:010"}
{"level":"\u001b[32minfo\u001b[39m","message":"\u001b[32mPort: 3005\u001b[39m","timestamp":"2026-03-28 22:50:44:011"}
{"level":"\u001b[32minfo\u001b[39m","message":"\u001b[32mEcommerce API URL: https://syrnyk-v2-production.up.railway.app\u001b[39m","timestamp":"2026-03-28 22:50:44:011"}
{"level":"\u001b[32minfo\u001b[39m","message":"\u001b[32mAvailable endpoints:\u001b[39m","timestamp":"2026-03-28 22:50:44:012"}
{"level":"\u001b[32minfo\u001b[39m","message":"\u001b[32m- POST /api/bot/telegram-order\u001b[39m","timestamp":"2026-03-28 22:50:44:012"}
{"level":"\u001b[32minfo\u001b[39m","message":"\u001b[32m- GET /api/bot/telegram-health\u001b[39m","timestamp":"2026-03-28 22:50:44:013"}
{"level":"\u001b[32minfo\u001b[39m","message":"\u001b[32m- POST /api/bot/test-product-conversion\u001b[39m","timestamp":"2026-03-28 22:50:44:013"}
{"level":"\u001b[32minfo\u001b[39m","message":"\u001b[32m- POST /api/sync/update-deal-status (requires auth)\u001b[39m","timestamp":"2026-03-28 22:50:44:013"}
{"level":"\u001b[32minfo\u001b[39m","message":"\u001b[32m- POST /api/sync/create-deal (requires auth)\u001b[39m","timestamp":"2026-03-28 22:50:44:013"}
{"level":"\u001b[32minfo\u001b[39m","message":"\u001b[32m- GET /api/sync/status/:orderId (requires auth)\u001b[39m","timestamp":"2026-03-28 22:50:44:014"}
{"level":"\u001b[32minfo\u001b[39m","message":"\u001b[32m- GET /api/sync/health\u001b[39m","timestamp":"2026-03-28 22:50:44:014"}
{"level":"\u001b[32minfo\u001b[39m","message":"\u001b[32m- GET /health\u001b[39m","timestamp":"2026-03-28 22:50:44:014"}
{"environment":"development","level":"\u001b[32minfo\u001b[39m","message":"\u001b[32mLogger initialized\u001b[39m","timestamp":"2026-03-28 22:51:00:768","transports":4}
{"ecommerceApiUrl":"https://syrnyk-v2-production.up.railway.app","hasApiToken":true,"level":"\u001b[32minfo\u001b[39m","message":"\u001b[32mDatabaseService initialized\u001b[39m","timestamp":"2026-03-28 22:51:00:793"}
{"ecommerceApiUrl":"https://syrnyk-v2-production.up.railway.app","hasApiToken":true,"level":"\u001b[32minfo\u001b[39m","message":"\u001b[32mDatabaseService initialized\u001b[39m","timestamp":"2026-03-28 22:51:00:857"}
{"ecommerceApiUrl":"https://syrnyk-v2-production.up.railway.app","hasApiToken":true,"level":"\u001b[32minfo\u001b[39m","message":"\u001b[32mDatabaseService initialized\u001b[39m","timestamp":"2026-03-28 22:51:00:860"}
{"ecommerceApiUrl":"https://syrnyk-v2-production.up.railway.app","hasApiToken":true,"level":"\u001b[32minfo\u001b[39m","message":"\u001b[32mDatabaseService initialized\u001b[39m","timestamp":"2026-03-28 22:51:00:864"}
{"level":"\u001b[32minfo\u001b[39m","message":"\u001b[32mCRM Integration Service started on port 3005\u001b[39m","timestamp":"2026-03-28 22:51:00:932"}
{"level":"\u001b[32minfo\u001b[39m","message":"\u001b[32mEnvironment: development\u001b[39m","timestamp":"2026-03-28 22:51:00:933"}
{"level":"\u001b[32minfo\u001b[39m","message":"\u001b[32mPort: 3005\u001b[39m","timestamp":"2026-03-28 22:51:00:933"}
{"level":"\u001b[32minfo\u001b[39m","message":"\u001b[32mEcommerce API URL: https://syrnyk-v2-production.up.railway.app\u001b[39m","timestamp":"2026-03-28 22:51:00:934"}
{"level":"\u001b[32minfo\u001b[39m","message":"\u001b[32mAvailable endpoints:\u001b[39m","timestamp":"2026-03-28 22:51:00:934"}
{"level":"\u001b[32minfo\u001b[39m","message":"\u001b[32m- POST /api/bot/telegram-order\u001b[39m","timestamp":"2026-03-28 22:51:00:935"}
{"level":"\u001b[32minfo\u001b[39m","message":"\u001b[32m- GET /api/bot/telegram-health\u001b[39m","timestamp":"2026-03-28 22:51:00:935"}
{"level":"\u001b[32minfo\u001b[39m","message":"\u001b[32m- POST /api/bot/test-product-conversion\u001b[39m","timestamp":"2026-03-28 22:51:00:935"}
{"level":"\u001b[32minfo\u001b[39m","message":"\u001b[32m- POST /api/sync/update-deal-status (requires auth)\u001b[39m","timestamp":"2026-03-28 22:51:00:935"}
{"level":"\u001b[32minfo\u001b[39m","message":"\u001b[32m- POST /api/sync/create-deal (requires auth)\u001b[39m","timestamp":"2026-03-28 22:51:00:936"}
{"level":"\u001b[32minfo\u001b[39m","message":"\u001b[32m- GET /api/sync/status/:orderId (requires auth)\u001b[39m","timestamp":"2026-03-28 22:51:00:936"}
{"level":"\u001b[32minfo\u001b[39m","message":"\u001b[32m- GET /api/sync/health\u001b[39m","timestamp":"2026-03-28 22:51:00:936"}
{"level":"\u001b[32minfo\u001b[39m","message":"\u001b[32m- GET /health\u001b[39m","timestamp":"2026-03-28 22:51:00:936"}
{"environment":"development","level":"\u001b[32minfo\u001b[39m","message":"\u001b[32mLogger initialized\u001b[39m","timestamp":"2026-03-28 22:54:01:736","transports":4}
{"ecommerceApiUrl":"https://syrnyk-v2-production.up.railway.app","hasApiToken":true,"level":"\u001b[32minfo\u001b[39m","message":"\u001b[32mDatabaseService initialized\u001b[39m","timestamp":"2026-03-28 22:54:01:761"}
{"ecommerceApiUrl":"https://syrnyk-v2-production.up.railway.app","hasApiToken":true,"level":"\u001b[32minfo\u001b[39m","message":"\u001b[32mDatabaseService initialized\u001b[39m","timestamp":"2026-03-28 22:54:01:813"}
{"ecommerceApiUrl":"https://syrnyk-v2-production.up.railway.app","hasApiToken":true,"level":"\u001b[32minfo\u001b[39m","message":"\u001b[32mDatabaseService initialized\u001b[39m","timestamp":"2026-03-28 22:54:01:816"}
{"ecommerceApiUrl":"https://syrnyk-v2-production.up.railway.app","hasApiToken":true,"level":"\u001b[32minfo\u001b[39m","message":"\u001b[32mDatabaseService initialized\u001b[39m","timestamp":"2026-03-28 22:54:01:819"}
{"level":"\u001b[32minfo\u001b[39m","message":"\u001b[32mCRM Integration Service started on port 3005\u001b[39m","timestamp":"2026-03-28 22:54:01:874"}
{"level":"\u001b[32minfo\u001b[39m","message":"\u001b[32mEnvironment: development\u001b[39m","timestamp":"2026-03-28 22:54:01:875"}
{"level":"\u001b[32minfo\u001b[39m","message":"\u001b[32mPort: 3005\u001b[39m","timestamp":"2026-03-28 22:54:01:875"}
{"level":"\u001b[32minfo\u001b[39m","message":"\u001b[32mEcommerce API URL: https://syrnyk-v2-production.up.railway.app\u001b[39m","timestamp":"2026-03-28 22:54:01:875"}
{"level":"\u001b[32minfo\u001b[39m","message":"\u001b[32mAvailable endpoints:\u001b[39m","timestamp":"2026-03-28 22:54:01:876"}
{"level":"\u001b[32minfo\u001b[39m","message":"\u001b[32m- POST /api/bot/telegram-order\u001b[39m","timestamp":"2026-03-28 22:54:01:876"}
{"level":"\u001b[32minfo\u001b[39m","message":"\u001b[32m- GET /api/bot/telegram-health\u001b[39m","timestamp":"2026-03-28 22:54:01:876"}
{"level":"\u001b[32minfo\u001b[39m","message":"\u001b[32m- POST /api/bot/test-product-conversion\u001b[39m","timestamp":"2026-03-28 22:54:01:876"}
{"level":"\u001b[32minfo\u001b[39m","message":"\u001b[32m- POST /api/sync/update-deal-status (requires auth)\u001b[39m","timestamp":"2026-03-28 22:54:01:877"}
{"level":"\u001b[32minfo\u001b[39m","message":"\u001b[32m- POST /api/sync/create-deal (requires auth)\u001b[39m","timestamp":"2026-03-28 22:54:01:877"}
{"level":"\u001b[32minfo\u001b[39m","message":"\u001b[32m- GET /api/sync/status/:orderId (requires auth)\u001b[39m","timestamp":"2026-03-28 22:54:01:877"}
{"level":"\u001b[32minfo\u001b[39m","message":"\u001b[32m- GET /api/sync/health\u001b[39m","timestamp":"2026-03-28 22:54:01:877"}
{"level":"\u001b[32minfo\u001b[39m","message":"\u001b[32m- GET /health\u001b[39m","timestamp":"2026-03-28 22:54:01:877"}
{"environment":"development","level":"\u001b[32minfo\u001b[39m","message":"\u001b[32mLogger initialized\u001b[39m","timestamp":"2026-03-28 22:55:11:700","transports":4}
{"ecommerceApiUrl":"https://syrnyk-v2-production.up.railway.app","hasApiToken":true,"level":"\u001b[32minfo\u001b[39m","message":"\u001b[32mDatabaseService initialized\u001b[39m","timestamp":"2026-03-28 22:55:11:725"}
{"ecommerceApiUrl":"https://syrnyk-v2-production.up.railway.app","hasApiToken":true,"level":"\u001b[32minfo\u001b[39m","message":"\u001b[32mDatabaseService initialized\u001b[39m","timestamp":"2026-03-28 22:55:11:778"}
{"ecommerceApiUrl":"https://syrnyk-v2-production.up.railway.app","hasApiToken":true,"level":"\u001b[32minfo\u001b[39m","message":"\u001b[32mDatabaseService initialized\u001b[39m","timestamp":"2026-03-28 22:55:11:780"}
{"ecommerceApiUrl":"https://syrnyk-v2-production.up.railway.app","hasApiToken":true,"level":"\u001b[32minfo\u001b[39m","message":"\u001b[32mDatabaseService initialized\u001b[39m","timestamp":"2026-03-28 22:55:11:783"}
{"level":"\u001b[32minfo\u001b[39m","message":"\u001b[32mCRM Integration Service started on port 3005\u001b[39m","timestamp":"2026-03-28 22:55:11:838"}
{"level":"\u001b[32minfo\u001b[39m","message":"\u001b[32mEnvironment: development\u001b[39m","timestamp":"2026-03-28 22:55:11:839"}
{"level":"\u001b[32minfo\u001b[39m","message":"\u001b[32mPort: 3005\u001b[39m","timestamp":"2026-03-28 22:55:11:839"}
{"level":"\u001b[32minfo\u001b[39m","message":"\u001b[32mEcommerce API URL: https://syrnyk-v2-production.up.railway.app\u001b[39m","timestamp":"2026-03-28 22:55:11:840"}
{"level":"\u001b[32minfo\u001b[39m","message":"\u001b[32mAvailable endpoints:\u001b[39m","timestamp":"2026-03-28 22:55:11:840"}
{"level":"\u001b[32minfo\u001b[39m","message":"\u001b[32m- POST /api/bot/telegram-order\u001b[39m","timestamp":"2026-03-28 22:55:11:841"}
{"level":"\u001b[32minfo\u001b[39m","message":"\u001b[32m- GET /api/bot/telegram-health\u001b[39m","timestamp":"2026-03-28 22:55:11:841"}
{"level":"\u001b[32minfo\u001b[39m","message":"\u001b[32m- POST /api/bot/test-product-conversion\u001b[39m","timestamp":"2026-03-28 22:55:11:841"}
{"level":"\u001b[32minfo\u001b[39m","message":"\u001b[32m- POST /api/sync/update-deal-status (requires auth)\u001b[39m","timestamp":"2026-03-28 22:55:11:841"}
{"level":"\u001b[32minfo\u001b[39m","message":"\u001b[32m- POST /api/sync/create-deal (requires auth)\u001b[39m","timestamp":"2026-03-28 22:55:11:841"}
{"level":"\u001b[32minfo\u001b[39m","message":"\u001b[32m- GET /api/sync/status/:orderId (requires auth)\u001b[39m","timestamp":"2026-03-28 22:55:11:841"}
{"level":"\u001b[32minfo\u001b[39m","message":"\u001b[32m- GET /api/sync/health\u001b[39m","timestamp":"2026-03-28 22:55:11:841"}
{"level":"\u001b[32minfo\u001b[39m","message":"\u001b[32m- GET /health\u001b[39m","timestamp":"2026-03-28 22:55:11:842"}
{"environment":"development","level":"\u001b[32minfo\u001b[39m","message":"\u001b[32mLogger initialized\u001b[39m","timestamp":"2026-03-28 22:55:18:175","transports":4}
{"ecommerceApiUrl":"https://syrnyk-v2-production.up.railway.app","hasApiToken":true,"level":"\u001b[32minfo\u001b[39m","message":"\u001b[32mDatabaseService initialized\u001b[39m","timestamp":"2026-03-28 22:55:18:202"}
{"ecommerceApiUrl":"https://syrnyk-v2-production.up.railway.app","hasApiToken":true,"level":"\u001b[32minfo\u001b[39m","message":"\u001b[32mDatabaseService initialized\u001b[39m","timestamp":"2026-03-28 22:55:18:254"}
{"ecommerceApiUrl":"https://syrnyk-v2-production.up.railway.app","hasApiToken":true,"level":"\u001b[32minfo\u001b[39m","message":"\u001b[32mDatabaseService initialized\u001b[39m","timestamp":"2026-03-28 22:55:18:257"}
{"ecommerceApiUrl":"https://syrnyk-v2-production.up.railway.app","hasApiToken":true,"level":"\u001b[32minfo\u001b[39m","message":"\u001b[32mDatabaseService initialized\u001b[39m","timestamp":"2026-03-28 22:55:18:260"}
{"level":"\u001b[32minfo\u001b[39m","message":"\u001b[32mCRM Integration Service started on port 3005\u001b[39m","timestamp":"2026-03-28 22:55:18:316"}
{"level":"\u001b[32minfo\u001b[39m","message":"\u001b[32mEnvironment: development\u001b[39m","timestamp":"2026-03-28 22:55:18:316"}
{"level":"\u001b[32minfo\u001b[39m","message":"\u001b[32mPort: 3005\u001b[39m","timestamp":"2026-03-28 22:55:18:316"}
{"level":"\u001b[32minfo\u001b[39m","message":"\u001b[32mEcommerce API URL: https://syrnyk-v2-production.up.railway.app\u001b[39m","timestamp":"2026-03-28 22:55:18:317"}
{"level":"\u001b[32minfo\u001b[39m","message":"\u001b[32mAvailable endpoints:\u001b[39m","timestamp":"2026-03-28 22:55:18:317"}
{"level":"\u001b[32minfo\u001b[39m","message":"\u001b[32m- POST /api/bot/telegram-order\u001b[39m","timestamp":"2026-03-28 22:55:18:317"}
{"level":"\u001b[32minfo\u001b[39m","message":"\u001b[32m- GET /api/bot/telegram-health\u001b[39m","timestamp":"2026-03-28 22:55:18:318"}
{"level":"\u001b[32minfo\u001b[39m","message":"\u001b[32m- POST /api/bot/test-product-conversion\u001b[39m","timestamp":"2026-03-28 22:55:18:318"}
{"level":"\u001b[32minfo\u001b[39m","message":"\u001b[32m- POST /api/sync/update-deal-status (requires auth)\u001b[39m","timestamp":"2026-03-28 22:55:18:318"}
{"level":"\u001b[32minfo\u001b[39m","message":"\u001b[32m- POST /api/sync/create-deal (requires auth)\u001b[39m","timestamp":"2026-03-28 22:55:18:318"}
{"level":"\u001b[32minfo\u001b[39m","message":"\u001b[32m- GET /api/sync/status/:orderId (requires auth)\u001b[39m","timestamp":"2026-03-28 22:55:18:318"}
{"level":"\u001b[32minfo\u001b[39m","message":"\u001b[32m- GET /api/sync/health\u001b[39m","timestamp":"2026-03-28 22:55:18:319"}
{"level":"\u001b[32minfo\u001b[39m","message":"\u001b[32m- GET /health\u001b[39m","timestamp":"2026-03-28 22:55:18:319"}
{"environment":"development","level":"\u001b[32minfo\u001b[39m","message":"\u001b[32mLogger initialized\u001b[39m","timestamp":"2026-03-28 22:57:20:501","transports":4}
{"ecommerceApiUrl":"https://syrnyk-v2-production.up.railway.app","hasApiToken":true,"level":"\u001b[32minfo\u001b[39m","message":"\u001b[32mDatabaseService initialized\u001b[39m","timestamp":"2026-03-28 22:57:20:530"}
{"ecommerceApiUrl":"https://syrnyk-v2-production.up.railway.app","hasApiToken":true,"level":"\u001b[32minfo\u001b[39m","message":"\u001b[32mDatabaseService initialized\u001b[39m","timestamp":"2026-03-28 22:57:20:584"}
{"ecommerceApiUrl":"https://syrnyk-v2-production.up.railway.app","hasApiToken":true,"level":"\u001b[32minfo\u001b[39m","message":"\u001b[32mDatabaseService initialized\u001b[39m","timestamp":"2026-03-28 22:57:20:586"}
{"ecommerceApiUrl":"https://syrnyk-v2-production.up.railway.app","hasApiToken":true,"level":"\u001b[32minfo\u001b[39m","message":"\u001b[32mDatabaseService initialized\u001b[39m","timestamp":"2026-03-28 22:57:20:589"}
{"level":"\u001b[32minfo\u001b[39m","message":"\u001b[32mCRM Integration Service started on port 3005\u001b[39m","timestamp":"2026-03-28 22:57:20:644"}
{"level":"\u001b[32minfo\u001b[39m","message":"\u001b[32mEnvironment: development\u001b[39m","timestamp":"2026-03-28 22:57:20:645"}
{"level":"\u001b[32minfo\u001b[39m","message":"\u001b[32mPort: 3005\u001b[39m","timestamp":"2026-03-28 22:57:20:645"}
{"level":"\u001b[32minfo\u001b[39m","message":"\u001b[32mEcommerce API URL: https://syrnyk-v2-production.up.railway.app\u001b[39m","timestamp":"2026-03-28 22:57:20:645"}
{"level":"\u001b[32minfo\u001b[39m","message":"\u001b[32mAvailable endpoints:\u001b[39m","timestamp":"2026-03-28 22:57:20:646"}
{"level":"\u001b[32minfo\u001b[39m","message":"\u001b[32m- POST /api/bot/telegram-order\u001b[39m","timestamp":"2026-03-28 22:57:20:646"}
{"level":"\u001b[32minfo\u001b[39m","message":"\u001b[32m- GET /api/bot/telegram-health\u001b[39m","timestamp":"2026-03-28 22:57:20:646"}
{"level":"\u001b[32minfo\u001b[39m","message":"\u001b[32m- POST /api/bot/test-product-conversion\u001b[39m","timestamp":"2026-03-28 22:57:20:646"}
{"level":"\u001b[32minfo\u001b[39m","message":"\u001b[32m- POST /api/sync/update-deal-status (requires auth)\u001b[39m","timestamp":"2026-03-28 22:57:20:647"}
{"level":"\u001b[32minfo\u001b[39m","message":"\u001b[32m- POST /api/sync/create-deal (requires auth)\u001b[39m","timestamp":"2026-03-28 22:57:20:647"}
{"level":"\u001b[32minfo\u001b[39m","message":"\u001b[32m- GET /api/sync/status/:orderId (requires auth)\u001b[39m","timestamp":"2026-03-28 22:57:20:647"}
{"level":"\u001b[32minfo\u001b[39m","message":"\u001b[32m- GET /api/sync/health\u001b[39m","timestamp":"2026-03-28 22:57:20:648"}
{"level":"\u001b[32minfo\u001b[39m","message":"\u001b[32m- GET /health\u001b[39m","timestamp":"2026-03-28 22:57:20:648"}
{"environment":"development","level":"\u001b[32minfo\u001b[39m","message":"\u001b[32mLogger initialized\u001b[39m","timestamp":"2026-03-28 23:03:04:065","transports":4}
{"ecommerceApiUrl":"https://syrnyk-v2-production.up.railway.app","hasApiToken":true,"level":"\u001b[32minfo\u001b[39m","message":"\u001b[32mDatabaseService initialized\u001b[39m","timestamp":"2026-03-28 23:03:04:097"}
{"ecommerceApiUrl":"https://syrnyk-v2-production.up.railway.app","hasApiToken":true,"level":"\u001b[32minfo\u001b[39m","message":"\u001b[32mDatabaseService initialized\u001b[39m","timestamp":"2026-03-28 23:03:04:154"}
{"ecommerceApiUrl":"https://syrnyk-v2-production.up.railway.app","hasApiToken":true,"level":"\u001b[32minfo\u001b[39m","message":"\u001b[32mDatabaseService initialized\u001b[39m","timestamp":"2026-03-28 23:03:04:156"}
{"ecommerceApiUrl":"https://syrnyk-v2-production.up.railway.app","hasApiToken":true,"level":"\u001b[32minfo\u001b[39m","message":"\u001b[32mDatabaseService initialized\u001b[39m","timestamp":"2026-03-28 23:03:04:159"}
{"level":"\u001b[32minfo\u001b[39m","message":"\u001b[32mCRM Integration Service started on port 3005\u001b[39m","timestamp":"2026-03-28 23:03:04:216"}
{"level":"\u001b[32minfo\u001b[39m","message":"\u001b[32mEnvironment: development\u001b[39m","timestamp":"2026-03-28 23:03:04:217"}
{"level":"\u001b[32minfo\u001b[39m","message":"\u001b[32mPort: 3005\u001b[39m","timestamp":"2026-03-28 23:03:04:217"}
{"level":"\u001b[32minfo\u001b[39m","message":"\u001b[32mEcommerce API URL: https://syrnyk-v2-production.up.railway.app\u001b[39m","timestamp":"2026-03-28 23:03:04:218"}
{"level":"\u001b[32minfo\u001b[39m","message":"\u001b[32mAvailable endpoints:\u001b[39m","timestamp":"2026-03-28 23:03:04:218"}
{"level":"\u001b[32minfo\u001b[39m","message":"\u001b[32m- POST /api/bot/telegram-order\u001b[39m","timestamp":"2026-03-28 23:03:04:218"}
{"level":"\u001b[32minfo\u001b[39m","message":"\u001b[32m- GET /api/bot/telegram-health\u001b[39m","timestamp":"2026-03-28 23:03:04:218"}
{"level":"\u001b[32minfo\u001b[39m","message":"\u001b[32m- POST /api/bot/test-product-conversion\u001b[39m","timestamp":"2026-03-28 23:03:04:219"}
{"level":"\u001b[32minfo\u001b[39m","message":"\u001b[32m- POST /api/sync/update-deal-status (requires auth)\u001b[39m","timestamp":"2026-03-28 23:03:04:219"}
{"level":"\u001b[32minfo\u001b[39m","message":"\u001b[32m- POST /api/sync/create-deal (requires auth)\u001b[39m","timestamp":"2026-03-28 23:03:04:219"}
{"level":"\u001b[32minfo\u001b[39m","message":"\u001b[32m- GET /api/sync/status/:orderId (requires auth)\u001b[39m","timestamp":"2026-03-28 23:03:04:219"}
{"level":"\u001b[32minfo\u001b[39m","message":"\u001b[32m- GET /api/sync/health\u001b[39m","timestamp":"2026-03-28 23:03:04:219"}
{"level":"\u001b[32minfo\u001b[39m","message":"\u001b[32m- GET /health\u001b[39m","timestamp":"2026-03-28 23:03:04:220"}
{"environment":"development","level":"\u001b[32minfo\u001b[39m","message":"\u001b[32mLogger initialized\u001b[39m","timestamp":"2026-03-28 23:03:13:348","transports":4}
{"ecommerceApiUrl":"https://syrnyk-v2-production.up.railway.app","hasApiToken":true,"level":"\u001b[32minfo\u001b[39m","message":"\u001b[32mDatabaseService initialized\u001b[39m","timestamp":"2026-03-28 23:03:13:377"}
{"ecommerceApiUrl":"https://syrnyk-v2-production.up.railway.app","hasApiToken":true,"level":"\u001b[32minfo\u001b[39m","message":"\u001b[32mDatabaseService initialized\u001b[39m","timestamp":"2026-03-28 23:03:13:434"}
{"ecommerceApiUrl":"https://syrnyk-v2-production.up.railway.app","hasApiToken":true,"level":"\u001b[32minfo\u001b[39m","message":"\u001b[32mDatabaseService initialized\u001b[39m","timestamp":"2026-03-28 23:03:13:436"}
{"ecommerceApiUrl":"https://syrnyk-v2-production.up.railway.app","hasApiToken":true,"level":"\u001b[32minfo\u001b[39m","message":"\u001b[32mDatabaseService initialized\u001b[39m","timestamp":"2026-03-28 23:03:13:439"}
{"level":"\u001b[32minfo\u001b[39m","message":"\u001b[32mCRM Integration Service started on port 3005\u001b[39m","timestamp":"2026-03-28 23:03:13:499"}
{"level":"\u001b[32minfo\u001b[39m","message":"\u001b[32mEnvironment: development\u001b[39m","timestamp":"2026-03-28 23:03:13:500"}
{"level":"\u001b[32minfo\u001b[39m","message":"\u001b[32mPort: 3005\u001b[39m","timestamp":"2026-03-28 23:03:13:500"}
{"level":"\u001b[32minfo\u001b[39m","message":"\u001b[32mEcommerce API URL: https://syrnyk-v2-production.up.railway.app\u001b[39m","timestamp":"2026-03-28 23:03:13:500"}
{"level":"\u001b[32minfo\u001b[39m","message":"\u001b[32mAvailable endpoints:\u001b[39m","timestamp":"2026-03-28 23:03:13:501"}
{"level":"\u001b[32minfo\u001b[39m","message":"\u001b[32m- POST /api/bot/telegram-order\u001b[39m","timestamp":"2026-03-28 23:03:13:501"}
{"level":"\u001b[32minfo\u001b[39m","message":"\u001b[32m- GET /api/bot/telegram-health\u001b[39m","timestamp":"2026-03-28 23:03:13:502"}
{"level":"\u001b[32minfo\u001b[39m","message":"\u001b[32m- POST /api/bot/test-product-conversion\u001b[39m","timestamp":"2026-03-28 23:03:13:502"}
{"level":"\u001b[32minfo\u001b[39m","message":"\u001b[32m- POST /api/sync/update-deal-status (requires auth)\u001b[39m","timestamp":"2026-03-28 23:03:13:502"}
{"level":"\u001b[32minfo\u001b[39m","message":"\u001b[32m- POST /api/sync/create-deal (requires auth)\u001b[39m","timestamp":"2026-03-28 23:03:13:502"}
{"level":"\u001b[32minfo\u001b[39m","message":"\u001b[32m- GET /api/sync/status/:orderId (requires auth)\u001b[39m","timestamp":"2026-03-28 23:03:13:503"}
{"level":"\u001b[32minfo\u001b[39m","message":"\u001b[32m- GET /api/sync/health\u001b[39m","timestamp":"2026-03-28 23:03:13:503"}
{"level":"\u001b[32minfo\u001b[39m","message":"\u001b[32m- GET /health\u001b[39m","timestamp":"2026-03-28 23:03:13:503"}
{"environment":"development","level":"\u001b[32minfo\u001b[39m","message":"\u001b[32mLogger initialized\u001b[39m","timestamp":"2026-03-28 23:08:27:352","transports":4}
{"ecommerceApiUrl":"https://syrnyk-v2-production.up.railway.app","hasApiToken":true,"level":"\u001b[32minfo\u001b[39m","message":"\u001b[32mDatabaseService initialized\u001b[39m","timestamp":"2026-03-28 23:08:27:379"}
{"ecommerceApiUrl":"https://syrnyk-v2-production.up.railway.app","hasApiToken":true,"level":"\u001b[32minfo\u001b[39m","message":"\u001b[32mDatabaseService initialized\u001b[39m","timestamp":"2026-03-28 23:08:27:436"}
{"ecommerceApiUrl":"https://syrnyk-v2-production.up.railway.app","hasApiToken":true,"level":"\u001b[32minfo\u001b[39m","message":"\u001b[32mDatabaseService initialized\u001b[39m","timestamp":"2026-03-28 23:08:27:439"}
{"ecommerceApiUrl":"https://syrnyk-v2-production.up.railway.app","hasApiToken":true,"level":"\u001b[32minfo\u001b[39m","message":"\u001b[32mDatabaseService initialized\u001b[39m","timestamp":"2026-03-28 23:08:27:442"}
{"level":"\u001b[32minfo\u001b[39m","message":"\u001b[32mCRM Integration Service started on port 3005\u001b[39m","timestamp":"2026-03-28 23:08:27:501"}
{"level":"\u001b[32minfo\u001b[39m","message":"\u001b[32mEnvironment: development\u001b[39m","timestamp":"2026-03-28 23:08:27:502"}
{"level":"\u001b[32minfo\u001b[39m","message":"\u001b[32mPort: 3005\u001b[39m","timestamp":"2026-03-28 23:08:27:502"}
{"level":"\u001b[32minfo\u001b[39m","message":"\u001b[32mEcommerce API URL: https://syrnyk-v2-production.up.railway.app\u001b[39m","timestamp":"2026-03-28 23:08:27:503"}
{"level":"\u001b[32minfo\u001b[39m","message":"\u001b[32mAvailable endpoints:\u001b[39m","timestamp":"2026-03-28 23:08:27:503"}
{"level":"\u001b[32minfo\u001b[39m","message":"\u001b[32m- POST /api/bot/telegram-order\u001b[39m","timestamp":"2026-03-28 23:08:27:504"}
{"level":"\u001b[32minfo\u001b[39m","message":"\u001b[32m- GET /api/bot/telegram-health\u001b[39m","timestamp":"2026-03-28 23:08:27:504"}
{"level":"\u001b[32minfo\u001b[39m","message":"\u001b[32m- POST /api/bot/test-product-conversion\u001b[39m","timestamp":"2026-03-28 23:08:27:504"}
{"level":"\u001b[32minfo\u001b[39m","message":"\u001b[32m- POST /api/sync/update-deal-status (requires auth)\u001b[39m","timestamp":"2026-03-28 23:08:27:504"}
{"level":"\u001b[32minfo\u001b[39m","message":"\u001b[32m- POST /api/sync/create-deal (requires auth)\u001b[39m","timestamp":"2026-03-28 23:08:27:505"}
{"level":"\u001b[32minfo\u001b[39m","message":"\u001b[32m- GET /api/sync/status/:orderId (requires auth)\u001b[39m","timestamp":"2026-03-28 23:08:27:505"}
{"level":"\u001b[32minfo\u001b[39m","message":"\u001b[32m- GET /api/sync/health\u001b[39m","timestamp":"2026-03-28 23:08:27:505"}
{"level":"\u001b[32minfo\u001b[39m","message":"\u001b[32m- GET /health\u001b[39m","timestamp":"2026-03-28 23:08:27:505"}
{"environment":"development","level":"\u001b[32minfo\u001b[39m","message":"\u001b[32mLogger initialized\u001b[39m","timestamp":"2026-03-28 23:12:49:229","transports":4}
{"ecommerceApiUrl":"https://syrnyk-v2-production.up.railway.app","hasApiToken":true,"level":"\u001b[32minfo\u001b[39m","message":"\u001b[32mDatabaseService initialized\u001b[39m","timestamp":"2026-03-28 23:12:49:257"}
{"ecommerceApiUrl":"https://syrnyk-v2-production.up.railway.app","hasApiToken":true,"level":"\u001b[32minfo\u001b[39m","message":"\u001b[32mDatabaseService initialized\u001b[39m","timestamp":"2026-03-28 23:12:49:314"}
{"ecommerceApiUrl":"https://syrnyk-v2-production.up.railway.app","hasApiToken":true,"level":"\u001b[32minfo\u001b[39m","message":"\u001b[32mDatabaseService initialized\u001b[39m","timestamp":"2026-03-28 23:12:49:316"}
{"ecommerceApiUrl":"https://syrnyk-v2-production.up.railway.app","hasApiToken":true,"level":"\u001b[32minfo\u001b[39m","message":"\u001b[32mDatabaseService initialized\u001b[39m","timestamp":"2026-03-28 23:12:49:319"}
{"level":"\u001b[32minfo\u001b[39m","message":"\u001b[32mCRM Integration Service started on port 3005\u001b[39m","timestamp":"2026-03-28 23:12:49:375"}
{"level":"\u001b[32minfo\u001b[39m","message":"\u001b[32mEnvironment: development\u001b[39m","timestamp":"2026-03-28 23:12:49:376"}
{"level":"\u001b[32minfo\u001b[39m","message":"\u001b[32mPort: 3005\u001b[39m","timestamp":"2026-03-28 23:12:49:376"}
{"level":"\u001b[32minfo\u001b[39m","message":"\u001b[32mEcommerce API URL: https://syrnyk-v2-production.up.railway.app\u001b[39m","timestamp":"2026-03-28 23:12:49:376"}
{"level":"\u001b[32minfo\u001b[39m","message":"\u001b[32mAvailable endpoints:\u001b[39m","timestamp":"2026-03-28 23:12:49:377"}
{"level":"\u001b[32minfo\u001b[39m","message":"\u001b[32m- POST /api/bot/telegram-order\u001b[39m","timestamp":"2026-03-28 23:12:49:377"}
{"level":"\u001b[32minfo\u001b[39m","message":"\u001b[32m- GET /api/bot/telegram-health\u001b[39m","timestamp":"2026-03-28 23:12:49:377"}
{"level":"\u001b[32minfo\u001b[39m","message":"\u001b[32m- POST /api/bot/test-product-conversion\u001b[39m","timestamp":"2026-03-28 23:12:49:377"}
{"level":"\u001b[32minfo\u001b[39m","message":"\u001b[32m- POST /api/sync/update-deal-status (requires auth)\u001b[39m","timestamp":"2026-03-28 23:12:49:378"}
{"level":"\u001b[32minfo\u001b[39m","message":"\u001b[32m- POST /api/sync/create-deal (requires auth)\u001b[39m","timestamp":"2026-03-28 23:12:49:378"}
{"level":"\u001b[32minfo\u001b[39m","message":"\u001b[32m- GET /api/sync/status/:orderId (requires auth)\u001b[39m","timestamp":"2026-03-28 23:12:49:378"}
{"level":"\u001b[32minfo\u001b[39m","message":"\u001b[32m- GET /api/sync/health\u001b[39m","timestamp":"2026-03-28 23:12:49:378"}
{"level":"\u001b[32minfo\u001b[39m","message":"\u001b[32m- GET /health\u001b[39m","timestamp":"2026-03-28 23:12:49:378"}
{"environment":"development","level":"\u001b[32minfo\u001b[39m","message":"\u001b[32mLogger initialized\u001b[39m","timestamp":"2026-03-28 23:12:51:227","transports":4}
{"ecommerceApiUrl":"https://syrnyk-v2-production.up.railway.app","hasApiToken":true,"level":"\u001b[32minfo\u001b[39m","message":"\u001b[32mDatabaseService initialized\u001b[39m","timestamp":"2026-03-28 23:12:51:254"}
{"ecommerceApiUrl":"https://syrnyk-v2-production.up.railway.app","hasApiToken":true,"level":"\u001b[32minfo\u001b[39m","message":"\u001b[32mDatabaseService initialized\u001b[39m","timestamp":"2026-03-28 23:12:51:310"}
{"ecommerceApiUrl":"https://syrnyk-v2-production.up.railway.app","hasApiToken":true,"level":"\u001b[32minfo\u001b[39m","message":"\u001b[32mDatabaseService initialized\u001b[39m","timestamp":"2026-03-28 23:12:51:312"}
{"ecommerceApiUrl":"https://syrnyk-v2-production.up.railway.app","hasApiToken":true,"level":"\u001b[32minfo\u001b[39m","message":"\u001b[32mDatabaseService initialized\u001b[39m","timestamp":"2026-03-28 23:12:51:316"}
{"level":"\u001b[32minfo\u001b[39m","message":"\u001b[32mCRM Integration Service started on port 3005\u001b[39m","timestamp":"2026-03-28 23:12:51:373"}
{"level":"\u001b[32minfo\u001b[39m","message":"\u001b[32mEnvironment: development\u001b[39m","timestamp":"2026-03-28 23:12:51:374"}
{"level":"\u001b[32minfo\u001b[39m","message":"\u001b[32mPort: 3005\u001b[39m","timestamp":"2026-03-28 23:12:51:374"}
{"level":"\u001b[32minfo\u001b[39m","message":"\u001b[32mEcommerce API URL: https://syrnyk-v2-production.up.railway.app\u001b[39m","timestamp":"2026-03-28 23:12:51:374"}
{"level":"\u001b[32minfo\u001b[39m","message":"\u001b[32mAvailable endpoints:\u001b[39m","timestamp":"2026-03-28 23:12:51:375"}
{"level":"\u001b[32minfo\u001b[39m","message":"\u001b[32m- POST /api/bot/telegram-order\u001b[39m","timestamp":"2026-03-28 23:12:51:375"}
{"level":"\u001b[32minfo\u001b[39m","message":"\u001b[32m- GET /api/bot/telegram-health\u001b[39m","timestamp":"2026-03-28 23:12:51:375"}
{"level":"\u001b[32minfo\u001b[39m","message":"\u001b[32m- POST /api/bot/test-product-conversion\u001b[39m","timestamp":"2026-03-28 23:12:51:376"}
{"level":"\u001b[32minfo\u001b[39m","message":"\u001b[32m- POST /api/sync/update-deal-status (requires auth)\u001b[39m","timestamp":"2026-03-28 23:12:51:376"}
{"level":"\u001b[32minfo\u001b[39m","message":"\u001b[32m- POST /api/sync/create-deal (requires auth)\u001b[39m","timestamp":"2026-03-28 23:12:51:376"}
{"level":"\u001b[32minfo\u001b[39m","message":"\u001b[32m- GET /api/sync/status/:orderId (requires auth)\u001b[39m","timestamp":"2026-03-28 23:12:51:376"}
{"level":"\u001b[32minfo\u001b[39m","message":"\u001b[32m- GET /api/sync/health\u001b[39m","timestamp":"2026-03-28 23:12:51:376"}
{"level":"\u001b[32minfo\u001b[39m","message":"\u001b[32m- GET /health\u001b[39m","timestamp":"2026-03-28 23:12:51:376"}
{"environment":"development","level":"\u001b[32minfo\u001b[39m","message":"\u001b[32mLogger initialized\u001b[39m","timestamp":"2026-03-28 23:23:19:426","transports":4}
{"ecommerceApiUrl":"https://syrnyk-v2-production.up.railway.app","hasApiToken":true,"level":"\u001b[32minfo\u001b[39m","message":"\u001b[32mDatabaseService initialized\u001b[39m","timestamp":"2026-03-28 23:23:19:458"}
{"ecommerceApiUrl":"https://syrnyk-v2-production.up.railway.app","hasApiToken":true,"level":"\u001b[32minfo\u001b[39m","message":"\u001b[32mDatabaseService initialized\u001b[39m","timestamp":"2026-03-28 23:23:19:515"}
{"ecommerceApiUrl":"https://syrnyk-v2-production.up.railway.app","hasApiToken":true,"level":"\u001b[32minfo\u001b[39m","message":"\u001b[32mDatabaseService initialized\u001b[39m","timestamp":"2026-03-28 23:23:19:517"}
{"ecommerceApiUrl":"https://syrnyk-v2-production.up.railway.app","hasApiToken":true,"level":"\u001b[32minfo\u001b[39m","message":"\u001b[32mDatabaseService initialized\u001b[39m","timestamp":"2026-03-28 23:23:19:522"}
{"level":"\u001b[32minfo\u001b[39m","message":"\u001b[32mCRM Integration Service started on port 3005\u001b[39m","timestamp":"2026-03-28 23:23:19:608"}
{"level":"\u001b[32minfo\u001b[39m","message":"\u001b[32mEnvironment: development\u001b[39m","timestamp":"2026-03-28 23:23:19:609"}
{"level":"\u001b[32minfo\u001b[39m","message":"\u001b[32mPort: 3005\u001b[39m","timestamp":"2026-03-28 23:23:19:610"}
{"level":"\u001b[32minfo\u001b[39m","message":"\u001b[32mEcommerce API URL: https://syrnyk-v2-production.up.railway.app\u001b[39m","timestamp":"2026-03-28 23:23:19:610"}
{"level":"\u001b[32minfo\u001b[39m","message":"\u001b[32mAvailable endpoints:\u001b[39m","timestamp":"2026-03-28 23:23:19:612"}
{"level":"\u001b[32minfo\u001b[39m","message":"\u001b[32m- POST /api/bot/telegram-order\u001b[39m","timestamp":"2026-03-28 23:23:19:612"}
{"level":"\u001b[32minfo\u001b[39m","message":"\u001b[32m- GET /api/bot/telegram-health\u001b[39m","timestamp":"2026-03-28 23:23:19:613"}
{"level":"\u001b[32minfo\u001b[39m","message":"\u001b[32m- POST /api/bot/test-product-conversion\u001b[39m","timestamp":"2026-03-28 23:23:19:613"}
{"level":"\u001b[32minfo\u001b[39m","message":"\u001b[32m- POST /api/sync/update-deal-status (requires auth)\u001b[39m","timestamp":"2026-03-28 23:23:19:614"}
{"level":"\u001b[32minfo\u001b[39m","message":"\u001b[32m- POST /api/sync/create-deal (requires auth)\u001b[39m","timestamp":"2026-03-28 23:23:19:614"}
{"level":"\u001b[32minfo\u001b[39m","message":"\u001b[32m- GET /api/sync/status/:orderId (requires auth)\u001b[39m","timestamp":"2026-03-28 23:23:19:614"}
{"level":"\u001b[32minfo\u001b[39m","message":"\u001b[32m- GET /api/sync/health\u001b[39m","timestamp":"2026-03-28 23:23:19:615"}
{"level":"\u001b[32minfo\u001b[39m","message":"\u001b[32m- GET /health\u001b[39m","timestamp":"2026-03-28 23:23:19:615"}
{"environment":"development","level":"\u001b[32minfo\u001b[39m","message":"\u001b[32mLogger initialized\u001b[39m","timestamp":"2026-03-28 23:23:27:339","transports":4}
{"ecommerceApiUrl":"https://syrnyk-v2-production.up.railway.app","hasApiToken":true,"level":"\u001b[32minfo\u001b[39m","message":"\u001b[32mDatabaseService initialized\u001b[39m","timestamp":"2026-03-28 23:23:27:367"}
{"ecommerceApiUrl":"https://syrnyk-v2-production.up.railway.app","hasApiToken":true,"level":"\u001b[32minfo\u001b[39m","message":"\u001b[32mDatabaseService initialized\u001b[39m","timestamp":"2026-03-28 23:23:27:422"}
{"ecommerceApiUrl":"https://syrnyk-v2-production.up.railway.app","hasApiToken":true,"level":"\u001b[32minfo\u001b[39m","message":"\u001b[32mDatabaseService initialized\u001b[39m","timestamp":"2026-03-28 23:23:27:424"}
{"ecommerceApiUrl":"https://syrnyk-v2-production.up.railway.app","hasApiToken":true,"level":"\u001b[32minfo\u001b[39m","message":"\u001b[32mDatabaseService initialized\u001b[39m","timestamp":"2026-03-28 23:23:27:427"}
{"level":"\u001b[32minfo\u001b[39m","message":"\u001b[32mCRM Integration Service started on port 3005\u001b[39m","timestamp":"2026-03-28 23:23:27:487"}
{"level":"\u001b[32minfo\u001b[39m","message":"\u001b[32mEnvironment: development\u001b[39m","timestamp":"2026-03-28 23:23:27:488"}
{"level":"\u001b[32minfo\u001b[39m","message":"\u001b[32mPort: 3005\u001b[39m","timestamp":"2026-03-28 23:23:27:488"}
{"level":"\u001b[32minfo\u001b[39m","message":"\u001b[32mEcommerce API URL: https://syrnyk-v2-production.up.railway.app\u001b[39m","timestamp":"2026-03-28 23:23:27:488"}
{"level":"\u001b[32minfo\u001b[39m","message":"\u001b[32mAvailable endpoints:\u001b[39m","timestamp":"2026-03-28 23:23:27:489"}
{"level":"\u001b[32minfo\u001b[39m","message":"\u001b[32m- POST /api/bot/telegram-order\u001b[39m","timestamp":"2026-03-28 23:23:27:489"}
{"level":"\u001b[32minfo\u001b[39m","message":"\u001b[32m- GET /api/bot/telegram-health\u001b[39m","timestamp":"2026-03-28 23:23:27:489"}
{"level":"\u001b[32minfo\u001b[39m","message":"\u001b[32m- POST /api/bot/test-product-conversion\u001b[39m","timestamp":"2026-03-28 23:23:27:489"}
{"level":"\u001b[32minfo\u001b[39m","message":"\u001b[32m- POST /api/sync/update-deal-status (requires auth)\u001b[39m","timestamp":"2026-03-28 23:23:27:489"}
{"level":"\u001b[32minfo\u001b[39m","message":"\u001b[32m- POST /api/sync/create-deal (requires auth)\u001b[39m","timestamp":"2026-03-28 23:23:27:489"}
{"level":"\u001b[32minfo\u001b[39m","message":"\u001b[32m- GET /api/sync/status/:orderId (requires auth)\u001b[39m","timestamp":"2026-03-28 23:23:27:490"}
{"level":"\u001b[32minfo\u001b[39m","message":"\u001b[32m- GET /api/sync/health\u001b[39m","timestamp":"2026-03-28 23:23:27:490"}
{"level":"\u001b[32minfo\u001b[39m","message":"\u001b[32m- GET /health\u001b[39m","timestamp":"2026-03-28 23:23:27:490"}
{"environment":"development","level":"\u001b[32minfo\u001b[39m","message":"\u001b[32mLogger initialized\u001b[39m","timestamp":"2026-03-29 17:20:34:409","transports":4}
{"ecommerceApiUrl":"https://syrnyk-v2-production.up.railway.app","hasApiToken":true,"level":"\u001b[32minfo\u001b[39m","message":"\u001b[32mDatabaseService initialized\u001b[39m","timestamp":"2026-03-29 17:20:34:445"}
{"ecommerceApiUrl":"https://syrnyk-v2-production.up.railway.app","hasApiToken":true,"level":"\u001b[32minfo\u001b[39m","message":"\u001b[32mDatabaseService initialized\u001b[39m","timestamp":"2026-03-29 17:20:34:528"}
{"ecommerceApiUrl":"https://syrnyk-v2-production.up.railway.app","hasApiToken":true,"level":"\u001b[32minfo\u001b[39m","message":"\u001b[32mDatabaseService initialized\u001b[39m","timestamp":"2026-03-29 17:20:34:531"}
{"ecommerceApiUrl":"https://syrnyk-v2-production.up.railway.app","hasApiToken":true,"level":"\u001b[32minfo\u001b[39m","message":"\u001b[32mDatabaseService initialized\u001b[39m","timestamp":"2026-03-29 17:20:34:535"}
{"level":"\u001b[32minfo\u001b[39m","message":"\u001b[32mCRM Integration Service started on port 3005\u001b[39m","timestamp":"2026-03-29 17:20:34:665"}
{"level":"\u001b[32minfo\u001b[39m","message":"\u001b[32mEnvironment: development\u001b[39m","timestamp":"2026-03-29 17:20:34:665"}
{"level":"\u001b[32minfo\u001b[39m","message":"\u001b[32mPort: 3005\u001b[39m","timestamp":"2026-03-29 17:20:34:665"}
{"level":"\u001b[32minfo\u001b[39m","message":"\u001b[32mEcommerce API URL: https://syrnyk-v2-production.up.railway.app\u001b[39m","timestamp":"2026-03-29 17:20:34:666"}
{"level":"\u001b[32minfo\u001b[39m","message":"\u001b[32mAvailable endpoints:\u001b[39m","timestamp":"2026-03-29 17:20:34:666"}
{"level":"\u001b[32minfo\u001b[39m","message":"\u001b[32m- POST /api/bot/telegram-order\u001b[39m","timestamp":"2026-03-29 17:20:34:667"}
{"level":"\u001b[32minfo\u001b[39m","message":"\u001b[32m- GET /api/bot/telegram-health\u001b[39m","timestamp":"2026-03-29 17:20:34:667"}
{"level":"\u001b[32minfo\u001b[39m","message":"\u001b[32m- POST /api/bot/test-product-conversion\u001b[39m","timestamp":"2026-03-29 17:20:34:668"}
{"level":"\u001b[32minfo\u001b[39m","message":"\u001b[32m- POST /api/sync/update-deal-status (requires auth)\u001b[39m","timestamp":"2026-03-29 17:20:34:668"}
{"level":"\u001b[32minfo\u001b[39m","message":"\u001b[32m- POST /api/sync/create-deal (requires auth)\u001b[39m","timestamp":"2026-03-29 17:20:34:668"}
{"level":"\u001b[32minfo\u001b[39m","message":"\u001b[32m- GET /api/sync/status/:orderId (requires auth)\u001b[39m","timestamp":"2026-03-29 17:20:34:669"}
{"level":"\u001b[32minfo\u001b[39m","message":"\u001b[32m- GET /api/sync/health\u001b[39m","timestamp":"2026-03-29 17:20:34:669"}
{"level":"\u001b[32minfo\u001b[39m","message":"\u001b[32m- GET /health\u001b[39m","timestamp":"2026-03-29 17:20:34:669"}
{"environment":"development","level":"\u001b[32minfo\u001b[39m","message":"\u001b[32mLogger initialized\u001b[39m","timestamp":"2026-03-29 17:43:33:401","transports":4}
{"ecommerceApiUrl":"https://syrnyk-v2-production.up.railway.app","hasApiToken":true,"level":"\u001b[32minfo\u001b[39m","message":"\u001b[32mDatabaseService initialized\u001b[39m","timestamp":"2026-03-29 17:43:33:429"}
{"ecommerceApiUrl":"https://syrnyk-v2-production.up.railway.app","hasApiToken":true,"level":"\u001b[32minfo\u001b[39m","message":"\u001b[32mDatabaseService initialized\u001b[39m","timestamp":"2026-03-29 17:43:33:486"}
{"ecommerceApiUrl":"https://syrnyk-v2-production.up.railway.app","hasApiToken":true,"level":"\u001b[32minfo\u001b[39m","message":"\u001b[32mDatabaseService initialized\u001b[39m","timestamp":"2026-03-29 17:43:33:489"}
{"ecommerceApiUrl":"https://syrnyk-v2-production.up.railway.app","hasApiToken":true,"level":"\u001b[32minfo\u001b[39m","message":"\u001b[32mDatabaseService initialized\u001b[39m","timestamp":"2026-03-29 17:43:33:492"}
{"level":"\u001b[32minfo\u001b[39m","message":"\u001b[32mCRM Integration Service started on port 3005\u001b[39m","timestamp":"2026-03-29 17:43:33:554"}
{"level":"\u001b[32minfo\u001b[39m","message":"\u001b[32mEnvironment: development\u001b[39m","timestamp":"2026-03-29 17:43:33:554"}
{"level":"\u001b[32minfo\u001b[39m","message":"\u001b[32mPort: 3005\u001b[39m","timestamp":"2026-03-29 17:43:33:554"}
{"level":"\u001b[32minfo\u001b[39m","message":"\u001b[32mEcommerce API URL: https://syrnyk-v2-production.up.railway.app\u001b[39m","timestamp":"2026-03-29 17:43:33:554"}
{"level":"\u001b[32minfo\u001b[39m","message":"\u001b[32mAvailable endpoints:\u001b[39m","timestamp":"2026-03-29 17:43:33:555"}
{"level":"\u001b[32minfo\u001b[39m","message":"\u001b[32m- POST /api/bot/telegram-order\u001b[39m","timestamp":"2026-03-29 17:43:33:555"}
{"level":"\u001b[32minfo\u001b[39m","message":"\u001b[32m- GET /api/bot/telegram-health\u001b[39m","timestamp":"2026-03-29 17:43:33:556"}
{"level":"\u001b[32minfo\u001b[39m","message":"\u001b[32m- POST /api/bot/test-product-conversion\u001b[39m","timestamp":"2026-03-29 17:43:33:556"}
{"level":"\u001b[32minfo\u001b[39m","message":"\u001b[32m- POST /api/sync/update-deal-status (requires auth)\u001b[39m","timestamp":"2026-03-29 17:43:33:556"}
{"level":"\u001b[32minfo\u001b[39m","message":"\u001b[32m- POST /api/sync/create-deal (requires auth)\u001b[39m","timestamp":"2026-03-29 17:43:33:556"}
{"level":"\u001b[32minfo\u001b[39m","message":"\u001b[32m- GET /api/sync/status/:orderId (requires auth)\u001b[39m","timestamp":"2026-03-29 17:43:33:556"}
{"level":"\u001b[32minfo\u001b[39m","message":"\u001b[32m- GET /api/sync/health\u001b[39m","timestamp":"2026-03-29 17:43:33:557"}
{"level":"\u001b[32minfo\u001b[39m","message":"\u001b[32m- GET /health\u001b[39m","timestamp":"2026-03-29 17:43:33:557"}
{"environment":"development","level":"\u001b[32minfo\u001b[39m","message":"\u001b[32mLogger initialized\u001b[39m","timestamp":"2026-03-30 14:29:27:664","transports":4}
{"ecommerceApiUrl":"https://syrnyk-v2-production.up.railway.app","hasApiToken":true,"level":"\u001b[32minfo\u001b[39m","message":"\u001b[32mDatabaseService initialized\u001b[39m","timestamp":"2026-03-30 14:29:27:697"}
{"ecommerceApiUrl":"https://syrnyk-v2-production.up.railway.app","hasApiToken":true,"level":"\u001b[32minfo\u001b[39m","message":"\u001b[32mDatabaseService initialized\u001b[39m","timestamp":"2026-03-30 14:29:27:757"}
{"ecommerceApiUrl":"https://syrnyk-v2-production.up.railway.app","hasApiToken":true,"level":"\u001b[32minfo\u001b[39m","message":"\u001b[32mDatabaseService initialized\u001b[39m","timestamp":"2026-03-30 14:29:27:759"}
{"ecommerceApiUrl":"https://syrnyk-v2-production.up.railway.app","hasApiToken":true,"level":"\u001b[32minfo\u001b[39m","message":"\u001b[32mDatabaseService initialized\u001b[39m","timestamp":"2026-03-30 14:29:27:762"}
{"level":"\u001b[32minfo\u001b[39m","message":"\u001b[32mCRM Integration Service started on port 3005\u001b[39m","timestamp":"2026-03-30 14:29:27:859"}
{"level":"\u001b[32minfo\u001b[39m","message":"\u001b[32mEnvironment: development\u001b[39m","timestamp":"2026-03-30 14:29:27:860"}
{"level":"\u001b[32minfo\u001b[39m","message":"\u001b[32mPort: 3005\u001b[39m","timestamp":"2026-03-30 14:29:27:860"}
{"level":"\u001b[32minfo\u001b[39m","message":"\u001b[32mEcommerce API URL: https://syrnyk-v2-production.up.railway.app\u001b[39m","timestamp":"2026-03-30 14:29:27:860"}
{"level":"\u001b[32minfo\u001b[39m","message":"\u001b[32mAvailable endpoints:\u001b[39m","timestamp":"2026-03-30 14:29:27:861"}
{"level":"\u001b[32minfo\u001b[39m","message":"\u001b[32m- POST /api/bot/telegram-order\u001b[39m","timestamp":"2026-03-30 14:29:27:861"}
{"level":"\u001b[32minfo\u001b[39m","message":"\u001b[32m- GET /api/bot/telegram-health\u001b[39m","timestamp":"2026-03-30 14:29:27:862"}
{"level":"\u001b[32minfo\u001b[39m","message":"\u001b[32m- POST /api/bot/test-product-conversion\u001b[39m","timestamp":"2026-03-30 14:29:27:862"}
{"level":"\u001b[32minfo\u001b[39m","message":"\u001b[32m- POST /api/sync/update-deal-status (requires auth)\u001b[39m","timestamp":"2026-03-30 14:29:27:862"}
{"level":"\u001b[32minfo\u001b[39m","message":"\u001b[32m- POST /api/sync/create-deal (requires auth)\u001b[39m","timestamp":"2026-03-30 14:29:27:862"}
{"level":"\u001b[32minfo\u001b[39m","message":"\u001b[32m- GET /api/sync/status/:orderId (requires auth)\u001b[39m","timestamp":"2026-03-30 14:29:27:862"}
{"level":"\u001b[32minfo\u001b[39m","message":"\u001b[32m- GET /api/sync/health\u001b[39m","timestamp":"2026-03-30 14:29:27:862"}
{"level":"\u001b[32minfo\u001b[39m","message":"\u001b[32m- GET /health\u001b[39m","timestamp":"2026-03-30 14:29:27:863"}
{"environment":"development","level":"\u001b[32minfo\u001b[39m","message":"\u001b[32mLogger initialized\u001b[39m","timestamp":"2026-03-30 14:30:57:333","transports":4}
{"ecommerceApiUrl":"https://syrnyk-v2-production.up.railway.app","hasApiToken":true,"level":"\u001b[32minfo\u001b[39m","message":"\u001b[32mDatabaseService initialized\u001b[39m","timestamp":"2026-03-30 14:30:57:360"}
{"ecommerceApiUrl":"https://syrnyk-v2-production.up.railway.app","hasApiToken":true,"level":"\u001b[32minfo\u001b[39m","message":"\u001b[32mDatabaseService initialized\u001b[39m","timestamp":"2026-03-30 14:30:57:414"}
{"ecommerceApiUrl":"https://syrnyk-v2-production.up.railway.app","hasApiToken":true,"level":"\u001b[32minfo\u001b[39m","message":"\u001b[32mDatabaseService initialized\u001b[39m","timestamp":"2026-03-30 14:30:57:417"}
{"ecommerceApiUrl":"https://syrnyk-v2-production.up.railway.app","hasApiToken":true,"level":"\u001b[32minfo\u001b[39m","message":"\u001b[32mDatabaseService initialized\u001b[39m","timestamp":"2026-03-30 14:30:57:420"}
{"level":"\u001b[32minfo\u001b[39m","message":"\u001b[32mCRM Integration Service started on port 3005\u001b[39m","timestamp":"2026-03-30 14:30:57:484"}
{"level":"\u001b[32minfo\u001b[39m","message":"\u001b[32mEnvironment: development\u001b[39m","timestamp":"2026-03-30 14:30:57:485"}
{"level":"\u001b[32minfo\u001b[39m","message":"\u001b[32mPort: 3005\u001b[39m","timestamp":"2026-03-30 14:30:57:485"}
{"level":"\u001b[32minfo\u001b[39m","message":"\u001b[32mEcommerce API URL: https://syrnyk-v2-production.up.railway.app\u001b[39m","timestamp":"2026-03-30 14:30:57:485"}
{"level":"\u001b[32minfo\u001b[39m","message":"\u001b[32mAvailable endpoints:\u001b[39m","timestamp":"2026-03-30 14:30:57:486"}
{"level":"\u001b[32minfo\u001b[39m","message":"\u001b[32m- POST /api/bot/telegram-order\u001b[39m","timestamp":"2026-03-30 14:30:57:486"}
{"level":"\u001b[32minfo\u001b[39m","message":"\u001b[32m- GET /api/bot/telegram-health\u001b[39m","timestamp":"2026-03-30 14:30:57:487"}
{"level":"\u001b[32minfo\u001b[39m","message":"\u001b[32m- POST /api/bot/test-product-conversion\u001b[39m","timestamp":"2026-03-30 14:30:57:487"}
{"level":"\u001b[32minfo\u001b[39m","message":"\u001b[32m- POST /api/sync/update-deal-status (requires auth)\u001b[39m","timestamp":"2026-03-30 14:30:57:487"}
{"level":"\u001b[32minfo\u001b[39m","message":"\u001b[32m- POST /api/sync/create-deal (requires auth)\u001b[39m","timestamp":"2026-03-30 14:30:57:487"}
{"level":"\u001b[32minfo\u001b[39m","message":"\u001b[32m- GET /api/sync/status/:orderId (requires auth)\u001b[39m","timestamp":"2026-03-30 14:30:57:488"}
{"level":"\u001b[32minfo\u001b[39m","message":"\u001b[32m- GET /api/sync/health\u001b[39m","timestamp":"2026-03-30 14:30:57:488"}
{"level":"\u001b[32minfo\u001b[39m","message":"\u001b[32m- GET /health\u001b[39m","timestamp":"2026-03-30 14:30:57:488"}
{"environment":"development","level":"\u001b[32minfo\u001b[39m","message":"\u001b[32mLogger initialized\u001b[39m","timestamp":"2026-03-30 14:31:12:919","transports":4}
{"ecommerceApiUrl":"https://syrnyk-v2-production.up.railway.app","hasApiToken":true,"level":"\u001b[32minfo\u001b[39m","message":"\u001b[32mDatabaseService initialized\u001b[39m","timestamp":"2026-03-30 14:31:12:950"}
{"ecommerceApiUrl":"https://syrnyk-v2-production.up.railway.app","hasApiToken":true,"level":"\u001b[32minfo\u001b[39m","message":"\u001b[32mDatabaseService initialized\u001b[39m","timestamp":"2026-03-30 14:31:13:005"}
{"ecommerceApiUrl":"https://syrnyk-v2-production.up.railway.app","hasApiToken":true,"level":"\u001b[32minfo\u001b[39m","message":"\u001b[32mDatabaseService initialized\u001b[39m","timestamp":"2026-03-30 14:31:13:007"}
{"ecommerceApiUrl":"https://syrnyk-v2-production.up.railway.app","hasApiToken":true,"level":"\u001b[32minfo\u001b[39m","message":"\u001b[32mDatabaseService initialized\u001b[39m","timestamp":"2026-03-30 14:31:13:010"}
{"level":"\u001b[32minfo\u001b[39m","message":"\u001b[32mCRM Integration Service started on port 3005\u001b[39m","timestamp":"2026-03-30 14:31:13:067"}
{"level":"\u001b[32minfo\u001b[39m","message":"\u001b[32mEnvironment: development\u001b[39m","timestamp":"2026-03-30 14:31:13:067"}
{"level":"\u001b[32minfo\u001b[39m","message":"\u001b[32mPort: 3005\u001b[39m","timestamp":"2026-03-30 14:31:13:068"}
{"level":"\u001b[32minfo\u001b[39m","message":"\u001b[32mEcommerce API URL: https://syrnyk-v2-production.up.railway.app\u001b[39m","timestamp":"2026-03-30 14:31:13:068"}
{"level":"\u001b[32minfo\u001b[39m","message":"\u001b[32mAvailable endpoints:\u001b[39m","timestamp":"2026-03-30 14:31:13:069"}
{"level":"\u001b[32minfo\u001b[39m","message":"\u001b[32m- POST /api/bot/telegram-order\u001b[39m","timestamp":"2026-03-30 14:31:13:069"}
{"level":"\u001b[32minfo\u001b[39m","message":"\u001b[32m- GET /api/bot/telegram-health\u001b[39m","timestamp":"2026-03-30 14:31:13:069"}
{"level":"\u001b[32minfo\u001b[39m","message":"\u001b[32m- POST /api/bot/test-product-conversion\u001b[39m","timestamp":"2026-03-30 14:31:13:069"}
{"level":"\u001b[32minfo\u001b[39m","message":"\u001b[32m- POST /api/sync/update-deal-status (requires auth)\u001b[39m","timestamp":"2026-03-30 14:31:13:070"}
{"level":"\u001b[32minfo\u001b[39m","message":"\u001b[32m- POST /api/sync/create-deal (requires auth)\u001b[39m","timestamp":"2026-03-30 14:31:13:070"}
{"level":"\u001b[32minfo\u001b[39m","message":"\u001b[32m- GET /api/sync/status/:orderId (requires auth)\u001b[39m","timestamp":"2026-03-30 14:31:13:070"}
{"level":"\u001b[32minfo\u001b[39m","message":"\u001b[32m- GET /api/sync/health\u001b[39m","timestamp":"2026-03-30 14:31:13:070"}
{"level":"\u001b[32minfo\u001b[39m","message":"\u001b[32m- GET /health\u001b[39m","timestamp":"2026-03-30 14:31:13:070"}
{"environment":"development","level":"\u001b[32minfo\u001b[39m","message":"\u001b[32mLogger initialized\u001b[39m","timestamp":"2026-03-30 14:31:17:395","transports":4}
{"ecommerceApiUrl":"https://syrnyk-v2-production.up.railway.app","hasApiToken":true,"level":"\u001b[32minfo\u001b[39m","message":"\u001b[32mDatabaseService initialized\u001b[39m","timestamp":"2026-03-30 14:31:17:421"}
{"ecommerceApiUrl":"https://syrnyk-v2-production.up.railway.app","hasApiToken":true,"level":"\u001b[32minfo\u001b[39m","message":"\u001b[32mDatabaseService initialized\u001b[39m","timestamp":"2026-03-30 14:31:17:479"}
{"ecommerceApiUrl":"https://syrnyk-v2-production.up.railway.app","hasApiToken":true,"level":"\u001b[32minfo\u001b[39m","message":"\u001b[32mDatabaseService initialized\u001b[39m","timestamp":"2026-03-30 14:31:17:481"}
{"ecommerceApiUrl":"https://syrnyk-v2-production.up.railway.app","hasApiToken":true,"level":"\u001b[32minfo\u001b[39m","message":"\u001b[32mDatabaseService initialized\u001b[39m","timestamp":"2026-03-30 14:31:17:484"}
{"level":"\u001b[32minfo\u001b[39m","message":"\u001b[32mCRM Integration Service started on port 3005\u001b[39m","timestamp":"2026-03-30 14:31:17:540"}
{"level":"\u001b[32minfo\u001b[39m","message":"\u001b[32mEnvironment: development\u001b[39m","timestamp":"2026-03-30 14:31:17:541"}
{"level":"\u001b[32minfo\u001b[39m","message":"\u001b[32mPort: 3005\u001b[39m","timestamp":"2026-03-30 14:31:17:541"}
{"level":"\u001b[32minfo\u001b[39m","message":"\u001b[32mEcommerce API URL: https://syrnyk-v2-production.up.railway.app\u001b[39m","timestamp":"2026-03-30 14:31:17:541"}
{"level":"\u001b[32minfo\u001b[39m","message":"\u001b[32mAvailable endpoints:\u001b[39m","timestamp":"2026-03-30 14:31:17:542"}
{"level":"\u001b[32minfo\u001b[39m","message":"\u001b[32m- POST /api/bot/telegram-order\u001b[39m","timestamp":"2026-03-30 14:31:17:542"}
{"level":"\u001b[32minfo\u001b[39m","message":"\u001b[32m- GET /api/bot/telegram-health\u001b[39m","timestamp":"2026-03-30 14:31:17:542"}
{"level":"\u001b[32minfo\u001b[39m","message":"\u001b[32m- POST /api/bot/test-product-conversion\u001b[39m","timestamp":"2026-03-30 14:31:17:542"}
{"level":"\u001b[32minfo\u001b[39m","message":"\u001b[32m- POST /api/sync/update-deal-status (requires auth)\u001b[39m","timestamp":"2026-03-30 14:31:17:543"}
{"level":"\u001b[32minfo\u001b[39m","message":"\u001b[32m- POST /api/sync/create-deal (requires auth)\u001b[39m","timestamp":"2026-03-30 14:31:17:543"}
{"level":"\u001b[32minfo\u001b[39m","message":"\u001b[32m- GET /api/sync/status/:orderId (requires auth)\u001b[39m","timestamp":"2026-03-30 14:31:17:543"}
{"level":"\u001b[32minfo\u001b[39m","message":"\u001b[32m- GET /api/sync/health\u001b[39m","timestamp":"2026-03-30 14:31:17:543"}
{"level":"\u001b[32minfo\u001b[39m","message":"\u001b[32m- GET /health\u001b[39m","timestamp":"2026-03-30 14:31:17:543"}
{"environment":"development","level":"\u001b[32minfo\u001b[39m","message":"\u001b[32mLogger initialized\u001b[39m","timestamp":"2026-03-30 19:05:46:892","transports":4}
{"ecommerceApiUrl":"https://syrnyk-v2-production.up.railway.app","hasApiToken":true,"level":"\u001b[32minfo\u001b[39m","message":"\u001b[32mDatabaseService initialized\u001b[39m","timestamp":"2026-03-30 19:05:46:926"}
{"ecommerceApiUrl":"https://syrnyk-v2-production.up.railway.app","hasApiToken":true,"level":"\u001b[32minfo\u001b[39m","message":"\u001b[32mDatabaseService initialized\u001b[39m","timestamp":"2026-03-30 19:05:46:988"}
{"ecommerceApiUrl":"https://syrnyk-v2-production.up.railway.app","hasApiToken":true,"level":"\u001b[32minfo\u001b[39m","message":"\u001b[32mDatabaseService initialized\u001b[39m","timestamp":"2026-03-30 19:05:46:990"}
{"ecommerceApiUrl":"https://syrnyk-v2-production.up.railway.app","hasApiToken":true,"level":"\u001b[32minfo\u001b[39m","message":"\u001b[32mDatabaseService initialized\u001b[39m","timestamp":"2026-03-30 19:05:46:993"}
{"level":"\u001b[32minfo\u001b[39m","message":"\u001b[32mCRM Integration Service started on port 3005\u001b[39m","timestamp":"2026-03-30 19:05:47:058"}
{"level":"\u001b[32minfo\u001b[39m","message":"\u001b[32mEnvironment: development\u001b[39m","timestamp":"2026-03-30 19:05:47:058"}
{"level":"\u001b[32minfo\u001b[39m","message":"\u001b[32mPort: 3005\u001b[39m","timestamp":"2026-03-30 19:05:47:058"}
{"level":"\u001b[32minfo\u001b[39m","message":"\u001b[32mEcommerce API URL: https://syrnyk-v2-production.up.railway.app\u001b[39m","timestamp":"2026-03-30 19:05:47:059"}
{"level":"\u001b[32minfo\u001b[39m","message":"\u001b[32mAvailable endpoints:\u001b[39m","timestamp":"2026-03-30 19:05:47:059"}
{"level":"\u001b[32minfo\u001b[39m","message":"\u001b[32m- POST /api/bot/telegram-order\u001b[39m","timestamp":"2026-03-30 19:05:47:059"}
{"level":"\u001b[32minfo\u001b[39m","message":"\u001b[32m- GET /api/bot/telegram-health\u001b[39m","timestamp":"2026-03-30 19:05:47:060"}
{"level":"\u001b[32minfo\u001b[39m","message":"\u001b[32m- POST /api/bot/test-product-conversion\u001b[39m","timestamp":"2026-03-30 19:05:47:060"}
{"level":"\u001b[32minfo\u001b[39m","message":"\u001b[32m- POST /api/sync/update-deal-status (requires auth)\u001b[39m","timestamp":"2026-03-30 19:05:47:060"}
{"level":"\u001b[32minfo\u001b[39m","message":"\u001b[32m- POST /api/sync/create-deal (requires auth)\u001b[39m","timestamp":"2026-03-30 19:05:47:061"}
{"level":"\u001b[32minfo\u001b[39m","message":"\u001b[32m- GET /api/sync/status/:orderId (requires auth)\u001b[39m","timestamp":"2026-03-30 19:05:47:061"}
{"level":"\u001b[32minfo\u001b[39m","message":"\u001b[32m- GET /api/sync/health\u001b[39m","timestamp":"2026-03-30 19:05:47:061"}
{"level":"\u001b[32minfo\u001b[39m","message":"\u001b[32m- GET /health\u001b[39m","timestamp":"2026-03-30 19:05:47:061"}
{"environment":"development","level":"\u001b[32minfo\u001b[39m","message":"\u001b[32mLogger initialized\u001b[39m","timestamp":"2026-03-30 19:07:52:530","transports":4}
{"ecommerceApiUrl":"https://syrnyk-v2-production.up.railway.app","hasApiToken":true,"level":"\u001b[32minfo\u001b[39m","message":"\u001b[32mDatabaseService initialized\u001b[39m","timestamp":"2026-03-30 19:07:52:556"}
{"ecommerceApiUrl":"https://syrnyk-v2-production.up.railway.app","hasApiToken":true,"level":"\u001b[32minfo\u001b[39m","message":"\u001b[32mDatabaseService initialized\u001b[39m","timestamp":"2026-03-30 19:07:52:613"}
{"ecommerceApiUrl":"https://syrnyk-v2-production.up.railway.app","hasApiToken":true,"level":"\u001b[32minfo\u001b[39m","message":"\u001b[32mDatabaseService initialized\u001b[39m","timestamp":"2026-03-30 19:07:52:615"}
{"ecommerceApiUrl":"https://syrnyk-v2-production.up.railway.app","hasApiToken":true,"level":"\u001b[32minfo\u001b[39m","message":"\u001b[32mDatabaseService initialized\u001b[39m","timestamp":"2026-03-30 19:07:52:618"}
{"level":"\u001b[32minfo\u001b[39m","message":"\u001b[32mCRM Integration Service started on port 3005\u001b[39m","timestamp":"2026-03-30 19:07:52:682"}
{"level":"\u001b[32minfo\u001b[39m","message":"\u001b[32mEnvironment: development\u001b[39m","timestamp":"2026-03-30 19:07:52:683"}
{"level":"\u001b[32minfo\u001b[39m","message":"\u001b[32mPort: 3005\u001b[39m","timestamp":"2026-03-30 19:07:52:683"}
{"level":"\u001b[32minfo\u001b[39m","message":"\u001b[32mEcommerce API URL: https://syrnyk-v2-production.up.railway.app\u001b[39m","timestamp":"2026-03-30 19:07:52:683"}
{"level":"\u001b[32minfo\u001b[39m","message":"\u001b[32mAvailable endpoints:\u001b[39m","timestamp":"2026-03-30 19:07:52:684"}
{"level":"\u001b[32minfo\u001b[39m","message":"\u001b[32m- POST /api/bot/telegram-order\u001b[39m","timestamp":"2026-03-30 19:07:52:684"}
{"level":"\u001b[32minfo\u001b[39m","message":"\u001b[32m- GET /api/bot/telegram-health\u001b[39m","timestamp":"2026-03-30 19:07:52:684"}
{"level":"\u001b[32minfo\u001b[39m","message":"\u001b[32m- POST /api/bot/test-product-conversion\u001b[39m","timestamp":"2026-03-30 19:07:52:685"}
{"level":"\u001b[32minfo\u001b[39m","message":"\u001b[32m- POST /api/sync/update-deal-status (requires auth)\u001b[39m","timestamp":"2026-03-30 19:07:52:685"}
{"level":"\u001b[32minfo\u001b[39m","message":"\u001b[32m- POST /api/sync/create-deal (requires auth)\u001b[39m","timestamp":"2026-03-30 19:07:52:685"}
{"level":"\u001b[32minfo\u001b[39m","message":"\u001b[32m- GET /api/sync/status/:orderId (requires auth)\u001b[39m","timestamp":"2026-03-30 19:07:52:685"}
{"level":"\u001b[32minfo\u001b[39m","message":"\u001b[32m- GET /api/sync/health\u001b[39m","timestamp":"2026-03-30 19:07:52:686"}
{"level":"\u001b[32minfo\u001b[39m","message":"\u001b[32m- GET /health\u001b[39m","timestamp":"2026-03-30 19:07:52:686"}
{"environment":"development","level":"\u001b[32minfo\u001b[39m","message":"\u001b[32mLogger initialized\u001b[39m","timestamp":"2026-03-30 19:09:23:234","transports":4}
{"ecommerceApiUrl":"https://syrnyk-v2-production.up.railway.app","hasApiToken":true,"level":"\u001b[32minfo\u001b[39m","message":"\u001b[32mDatabaseService initialized\u001b[39m","timestamp":"2026-03-30 19:09:23:261"}
{"ecommerceApiUrl":"https://syrnyk-v2-production.up.railway.app","hasApiToken":true,"level":"\u001b[32minfo\u001b[39m","message":"\u001b[32mDatabaseService initialized\u001b[39m","timestamp":"2026-03-30 19:09:23:319"}
{"ecommerceApiUrl":"https://syrnyk-v2-production.up.railway.app","hasApiToken":true,"level":"\u001b[32minfo\u001b[39m","message":"\u001b[32mDatabaseService initialized\u001b[39m","timestamp":"2026-03-30 19:09:23:321"}
{"ecommerceApiUrl":"https://syrnyk-v2-production.up.railway.app","hasApiToken":true,"level":"\u001b[32minfo\u001b[39m","message":"\u001b[32mDatabaseService initialized\u001b[39m","timestamp":"2026-03-30 19:09:23:324"}
{"level":"\u001b[32minfo\u001b[39m","message":"\u001b[32mCRM Integration Service started on port 3005\u001b[39m","timestamp":"2026-03-30 19:09:23:384"}
{"level":"\u001b[32minfo\u001b[39m","message":"\u001b[32mEnvironment: development\u001b[39m","timestamp":"2026-03-30 19:09:23:385"}
{"level":"\u001b[32minfo\u001b[39m","message":"\u001b[32mPort: 3005\u001b[39m","timestamp":"2026-03-30 19:09:23:386"}
{"level":"\u001b[32minfo\u001b[39m","message":"\u001b[32mEcommerce API URL: https://syrnyk-v2-production.up.railway.app\u001b[39m","timestamp":"2026-03-30 19:09:23:386"}
{"level":"\u001b[32minfo\u001b[39m","message":"\u001b[32mAvailable endpoints:\u001b[39m","timestamp":"2026-03-30 19:09:23:387"}
{"level":"\u001b[32minfo\u001b[39m","message":"\u001b[32m- POST /api/bot/telegram-order\u001b[39m","timestamp":"2026-03-30 19:09:23:387"}
{"level":"\u001b[32minfo\u001b[39m","message":"\u001b[32m- GET /api/bot/telegram-health\u001b[39m","timestamp":"2026-03-30 19:09:23:387"}
{"level":"\u001b[32minfo\u001b[39m","message":"\u001b[32m- POST /api/bot/test-product-conversion\u001b[39m","timestamp":"2026-03-30 19:09:23:387"}
{"level":"\u001b[32minfo\u001b[39m","message":"\u001b[32m- POST /api/sync/update-deal-status (requires auth)\u001b[39m","timestamp":"2026-03-30 19:09:23:388"}
{"level":"\u001b[32minfo\u001b[39m","message":"\u001b[32m- POST /api/sync/create-deal (requires auth)\u001b[39m","timestamp":"2026-03-30 19:09:23:388"}
{"level":"\u001b[32minfo\u001b[39m","message":"\u001b[32m- GET /api/sync/status/:orderId (requires auth)\u001b[39m","timestamp":"2026-03-30 19:09:23:388"}
{"level":"\u001b[32minfo\u001b[39m","message":"\u001b[32m- GET /api/sync/health\u001b[39m","timestamp":"2026-03-30 19:09:23:388"}
{"level":"\u001b[32minfo\u001b[39m","message":"\u001b[32m- GET /health\u001b[39m","timestamp":"2026-03-30 19:09:23:389"}
{"environment":"development","level":"\u001b[32minfo\u001b[39m","message":"\u001b[32mLogger initialized\u001b[39m","timestamp":"2026-03-30 19:50:13:642","transports":4}
{"ecommerceApiUrl":"https://syrnyk-v2-production.up.railway.app","hasApiToken":true,"level":"\u001b[32minfo\u001b[39m","message":"\u001b[32mDatabaseService initialized\u001b[39m","timestamp":"2026-03-30 19:50:13:674"}
{"ecommerceApiUrl":"https://syrnyk-v2-production.up.railway.app","hasApiToken":true,"level":"\u001b[32minfo\u001b[39m","message":"\u001b[32mDatabaseService initialized\u001b[39m","timestamp":"2026-03-30 19:50:13:738"}
{"ecommerceApiUrl":"https://syrnyk-v2-production.up.railway.app","hasApiToken":true,"level":"\u001b[32minfo\u001b[39m","message":"\u001b[32mDatabaseService initialized\u001b[39m","timestamp":"2026-03-30 19:50:13:740"}
{"ecommerceApiUrl":"https://syrnyk-v2-production.up.railway.app","hasApiToken":true,"level":"\u001b[32minfo\u001b[39m","message":"\u001b[32mDatabaseService initialized\u001b[39m","timestamp":"2026-03-30 19:50:13:743"}
{"level":"\u001b[32minfo\u001b[39m","message":"\u001b[32mCRM Integration Service started on port 3005\u001b[39m","timestamp":"2026-03-30 19:50:13:809"}
{"level":"\u001b[32minfo\u001b[39m","message":"\u001b[32mEnvironment: development\u001b[39m","timestamp":"2026-03-30 19:50:13:809"}
{"level":"\u001b[32minfo\u001b[39m","message":"\u001b[32mPort: 3005\u001b[39m","timestamp":"2026-03-30 19:50:13:809"}
{"level":"\u001b[32minfo\u001b[39m","message":"\u001b[32mEcommerce API URL: https://syrnyk-v2-production.up.railway.app\u001b[39m","timestamp":"2026-03-30 19:50:13:810"}
{"level":"\u001b[32minfo\u001b[39m","message":"\u001b[32mAvailable endpoints:\u001b[39m","timestamp":"2026-03-30 19:50:13:810"}
{"level":"\u001b[32minfo\u001b[39m","message":"\u001b[32m- POST /api/bot/telegram-order\u001b[39m","timestamp":"2026-03-30 19:50:13:810"}
{"level":"\u001b[32minfo\u001b[39m","message":"\u001b[32m- GET /api/bot/telegram-health\u001b[39m","timestamp":"2026-03-30 19:50:13:811"}
{"level":"\u001b[32minfo\u001b[39m","message":"\u001b[32m- POST /api/bot/test-product-conversion\u001b[39m","timestamp":"2026-03-30 19:50:13:811"}
{"level":"\u001b[32minfo\u001b[39m","message":"\u001b[32m- POST /api/sync/update-deal-status (requires auth)\u001b[39m","timestamp":"2026-03-30 19:50:13:811"}
{"level":"\u001b[32minfo\u001b[39m","message":"\u001b[32m- POST /api/sync/create-deal (requires auth)\u001b[39m","timestamp":"2026-03-30 19:50:13:811"}
{"level":"\u001b[32minfo\u001b[39m","message":"\u001b[32m- GET /api/sync/status/:orderId (requires auth)\u001b[39m","timestamp":"2026-03-30 19:50:13:811"}
{"level":"\u001b[32minfo\u001b[39m","message":"\u001b[32m- GET /api/sync/health\u001b[39m","timestamp":"2026-03-30 19:50:13:812"}
{"level":"\u001b[32minfo\u001b[39m","message":"\u001b[32m- GET /health\u001b[39m","timestamp":"2026-03-30 19:50:13:812"}
{"environment":"development","level":"\u001b[32minfo\u001b[39m","message":"\u001b[32mLogger initialized\u001b[39m","timestamp":"2026-03-30 19:51:54:463","transports":4}
{"ecommerceApiUrl":"https://syrnyk-v2-production.up.railway.app","hasApiToken":true,"level":"\u001b[32minfo\u001b[39m","message":"\u001b[32mDatabaseService initialized\u001b[39m","timestamp":"2026-03-30 19:51:54:499"}
{"ecommerceApiUrl":"https://syrnyk-v2-production.up.railway.app","hasApiToken":true,"level":"\u001b[32minfo\u001b[39m","message":"\u001b[32mDatabaseService initialized\u001b[39m","timestamp":"2026-03-30 19:51:54:581"}
{"ecommerceApiUrl":"https://syrnyk-v2-production.up.railway.app","hasApiToken":true,"level":"\u001b[32minfo\u001b[39m","message":"\u001b[32mDatabaseService initialized\u001b[39m","timestamp":"2026-03-30 19:51:54:583"}
{"ecommerceApiUrl":"https://syrnyk-v2-production.up.railway.app","hasApiToken":true,"level":"\u001b[32minfo\u001b[39m","message":"\u001b[32mDatabaseService initialized\u001b[39m","timestamp":"2026-03-30 19:51:54:587"}
{"level":"\u001b[32minfo\u001b[39m","message":"\u001b[32mCRM Integration Service started on port 3005\u001b[39m","timestamp":"2026-03-30 19:51:54:682"}
{"level":"\u001b[32minfo\u001b[39m","message":"\u001b[32mEnvironment: development\u001b[39m","timestamp":"2026-03-30 19:51:54:682"}
{"level":"\u001b[32minfo\u001b[39m","message":"\u001b[32mPort: 3005\u001b[39m","timestamp":"2026-03-30 19:51:54:683"}
{"level":"\u001b[32minfo\u001b[39m","message":"\u001b[32mEcommerce API URL: https://syrnyk-v2-production.up.railway.app\u001b[39m","timestamp":"2026-03-30 19:51:54:683"}
{"level":"\u001b[32minfo\u001b[39m","message":"\u001b[32mAvailable endpoints:\u001b[39m","timestamp":"2026-03-30 19:51:54:684"}
{"level":"\u001b[32minfo\u001b[39m","message":"\u001b[32m- POST /api/bot/telegram-order\u001b[39m","timestamp":"2026-03-30 19:51:54:684"}
{"level":"\u001b[32minfo\u001b[39m","message":"\u001b[32m- GET /api/bot/telegram-health\u001b[39m","timestamp":"2026-03-30 19:51:54:684"}
{"level":"\u001b[32minfo\u001b[39m","message":"\u001b[32m- POST /api/bot/test-product-conversion\u001b[39m","timestamp":"2026-03-30 19:51:54:684"}
{"level":"\u001b[32minfo\u001b[39m","message":"\u001b[32m- POST /api/sync/update-deal-status (requires auth)\u001b[39m","timestamp":"2026-03-30 19:51:54:685"}
{"level":"\u001b[32minfo\u001b[39m","message":"\u001b[32m- POST /api/sync/create-deal (requires auth)\u001b[39m","timestamp":"2026-03-30 19:51:54:685"}
{"level":"\u001b[32minfo\u001b[39m","message":"\u001b[32m- GET /api/sync/status/:orderId (requires auth)\u001b[39m","timestamp":"2026-03-30 19:51:54:685"}
{"level":"\u001b[32minfo\u001b[39m","message":"\u001b[32m- GET /api/sync/health\u001b[39m","timestamp":"2026-03-30 19:51:54:685"}
{"level":"\u001b[32minfo\u001b[39m","message":"\u001b[32m- GET /health\u001b[39m","timestamp":"2026-03-30 19:51:54:685"}
{"environment":"development","level":"\u001b[32minfo\u001b[39m","message":"\u001b[32mLogger initialized\u001b[39m","timestamp":"2026-03-30 19:51:55:846","transports":4}
{"ecommerceApiUrl":"https://syrnyk-v2-production.up.railway.app","hasApiToken":true,"level":"\u001b[32minfo\u001b[39m","message":"\u001b[32mDatabaseService initialized\u001b[39m","timestamp":"2026-03-30 19:51:55:875"}
{"ecommerceApiUrl":"https://syrnyk-v2-production.up.railway.app","hasApiToken":true,"level":"\u001b[32minfo\u001b[39m","message":"\u001b[32mDatabaseService initialized\u001b[39m","timestamp":"2026-03-30 19:51:55:931"}
{"ecommerceApiUrl":"https://syrnyk-v2-production.up.railway.app","hasApiToken":true,"level":"\u001b[32minfo\u001b[39m","message":"\u001b[32mDatabaseService initialized\u001b[39m","timestamp":"2026-03-30 19:51:55:934"}
{"ecommerceApiUrl":"https://syrnyk-v2-production.up.railway.app","hasApiToken":true,"level":"\u001b[32minfo\u001b[39m","message":"\u001b[32mDatabaseService initialized\u001b[39m","timestamp":"2026-03-30 19:51:55:937"}
{"level":"\u001b[32minfo\u001b[39m","message":"\u001b[32mCRM Integration Service started on port 3005\u001b[39m","timestamp":"2026-03-30 19:51:55:993"}
{"level":"\u001b[32minfo\u001b[39m","message":"\u001b[32mEnvironment: development\u001b[39m","timestamp":"2026-03-30 19:51:55:993"}
{"level":"\u001b[32minfo\u001b[39m","message":"\u001b[32mPort: 3005\u001b[39m","timestamp":"2026-03-30 19:51:55:994"}
{"level":"\u001b[32minfo\u001b[39m","message":"\u001b[32mEcommerce API URL: https://syrnyk-v2-production.up.railway.app\u001b[39m","timestamp":"2026-03-30 19:51:55:994"}
{"level":"\u001b[32minfo\u001b[39m","message":"\u001b[32mAvailable endpoints:\u001b[39m","timestamp":"2026-03-30 19:51:55:994"}
{"level":"\u001b[32minfo\u001b[39m","message":"\u001b[32m- POST /api/bot/telegram-order\u001b[39m","timestamp":"2026-03-30 19:51:55:995"}
{"level":"\u001b[32minfo\u001b[39m","message":"\u001b[32m- GET /api/bot/telegram-health\u001b[39m","timestamp":"2026-03-30 19:51:55:995"}
{"level":"\u001b[32minfo\u001b[39m","message":"\u001b[32m- POST /api/bot/test-product-conversion\u001b[39m","timestamp":"2026-03-30 19:51:55:995"}
{"level":"\u001b[32minfo\u001b[39m","message":"\u001b[32m- POST /api/sync/update-deal-status (requires auth)\u001b[39m","timestamp":"2026-03-30 19:51:55:995"}
{"level":"\u001b[32minfo\u001b[39m","message":"\u001b[32m- POST /api/sync/create-deal (requires auth)\u001b[39m","timestamp":"2026-03-30 19:51:55:995"}
{"level":"\u001b[32minfo\u001b[39m","message":"\u001b[32m- GET /api/sync/status/:orderId (requires auth)\u001b[39m","timestamp":"2026-03-30 19:51:55:996"}
{"level":"\u001b[32minfo\u001b[39m","message":"\u001b[32m- GET /api/sync/health\u001b[39m","timestamp":"2026-03-30 19:51:55:996"}
{"level":"\u001b[32minfo\u001b[39m","message":"\u001b[32m- GET /health\u001b[39m","timestamp":"2026-03-30 19:51:55:996"}
{"environment":"development","level":"\u001b[32minfo\u001b[39m","message":"\u001b[32mLogger initialized\u001b[39m","timestamp":"2026-03-30 19:52:03:832","transports":4}
{"ecommerceApiUrl":"https://syrnyk-v2-production.up.railway.app","hasApiToken":true,"level":"\u001b[32minfo\u001b[39m","message":"\u001b[32mDatabaseService initialized\u001b[39m","timestamp":"2026-03-30 19:52:03:867"}
{"ecommerceApiUrl":"https://syrnyk-v2-production.up.railway.app","hasApiToken":true,"level":"\u001b[32minfo\u001b[39m","message":"\u001b[32mDatabaseService initialized\u001b[39m","timestamp":"2026-03-30 19:52:03:936"}
{"ecommerceApiUrl":"https://syrnyk-v2-production.up.railway.app","hasApiToken":true,"level":"\u001b[32minfo\u001b[39m","message":"\u001b[32mDatabaseService initialized\u001b[39m","timestamp":"2026-03-30 19:52:03:938"}
{"ecommerceApiUrl":"https://syrnyk-v2-production.up.railway.app","hasApiToken":true,"level":"\u001b[32minfo\u001b[39m","message":"\u001b[32mDatabaseService initialized\u001b[39m","timestamp":"2026-03-30 19:52:03:941"}
{"level":"\u001b[32minfo\u001b[39m","message":"\u001b[32mCRM Integration Service started on port 3005\u001b[39m","timestamp":"2026-03-30 19:52:03:999"}
{"level":"\u001b[32minfo\u001b[39m","message":"\u001b[32mEnvironment: development\u001b[39m","timestamp":"2026-03-30 19:52:04:000"}
{"level":"\u001b[32minfo\u001b[39m","message":"\u001b[32mPort: 3005\u001b[39m","timestamp":"2026-03-30 19:52:04:001"}
{"level":"\u001b[32minfo\u001b[39m","message":"\u001b[32mEcommerce API URL: https://syrnyk-v2-production.up.railway.app\u001b[39m","timestamp":"2026-03-30 19:52:04:001"}
{"level":"\u001b[32minfo\u001b[39m","message":"\u001b[32mAvailable endpoints:\u001b[39m","timestamp":"2026-03-30 19:52:04:002"}
{"level":"\u001b[32minfo\u001b[39m","message":"\u001b[32m- POST /api/bot/telegram-order\u001b[39m","timestamp":"2026-03-30 19:52:04:002"}
{"level":"\u001b[32minfo\u001b[39m","message":"\u001b[32m- GET /api/bot/telegram-health\u001b[39m","timestamp":"2026-03-30 19:52:04:002"}
{"level":"\u001b[32minfo\u001b[39m","message":"\u001b[32m- POST /api/bot/test-product-conversion\u001b[39m","timestamp":"2026-03-30 19:52:04:003"}
{"level":"\u001b[32minfo\u001b[39m","message":"\u001b[32m- POST /api/sync/update-deal-status (requires auth)\u001b[39m","timestamp":"2026-03-30 19:52:04:003"}
{"level":"\u001b[32minfo\u001b[39m","message":"\u001b[32m- POST /api/sync/create-deal (requires auth)\u001b[39m","timestamp":"2026-03-30 19:52:04:003"}
{"level":"\u001b[32minfo\u001b[39m","message":"\u001b[32m- GET /api/sync/status/:orderId (requires auth)\u001b[39m","timestamp":"2026-03-30 19:52:04:003"}
{"level":"\u001b[32minfo\u001b[39m","message":"\u001b[32m- GET /api/sync/health\u001b[39m","timestamp":"2026-03-30 19:52:04:004"}
{"level":"\u001b[32minfo\u001b[39m","message":"\u001b[32m- GET /health\u001b[39m","timestamp":"2026-03-30 19:52:04:004"}
{"environment":"development","level":"\u001b[32minfo\u001b[39m","message":"\u001b[32mLogger initialized\u001b[39m","timestamp":"2026-03-30 19:52:44:097","transports":4}
{"ecommerceApiUrl":"https://syrnyk-v2-production.up.railway.app","hasApiToken":true,"level":"\u001b[32minfo\u001b[39m","message":"\u001b[32mDatabaseService initialized\u001b[39m","timestamp":"2026-03-30 19:52:44:125"}
{"ecommerceApiUrl":"https://syrnyk-v2-production.up.railway.app","hasApiToken":true,"level":"\u001b[32minfo\u001b[39m","message":"\u001b[32mDatabaseService initialized\u001b[39m","timestamp":"2026-03-30 19:52:44:178"}
{"ecommerceApiUrl":"https://syrnyk-v2-production.up.railway.app","hasApiToken":true,"level":"\u001b[32minfo\u001b[39m","message":"\u001b[32mDatabaseService initialized\u001b[39m","timestamp":"2026-03-30 19:52:44:180"}
{"ecommerceApiUrl":"https://syrnyk-v2-production.up.railway.app","hasApiToken":true,"level":"\u001b[32minfo\u001b[39m","message":"\u001b[32mDatabaseService initialized\u001b[39m","timestamp":"2026-03-30 19:52:44:183"}
{"level":"\u001b[32minfo\u001b[39m","message":"\u001b[32mCRM Integration Service started on port 3005\u001b[39m","timestamp":"2026-03-30 19:52:44:238"}
{"level":"\u001b[32minfo\u001b[39m","message":"\u001b[32mEnvironment: development\u001b[39m","timestamp":"2026-03-30 19:52:44:238"}
{"level":"\u001b[32minfo\u001b[39m","message":"\u001b[32mPort: 3005\u001b[39m","timestamp":"2026-03-30 19:52:44:238"}
{"level":"\u001b[32minfo\u001b[39m","message":"\u001b[32mEcommerce API URL: https://syrnyk-v2-production.up.railway.app\u001b[39m","timestamp":"2026-03-30 19:52:44:239"}
{"level":"\u001b[32minfo\u001b[39m","message":"\u001b[32mAvailable endpoints:\u001b[39m","timestamp":"2026-03-30 19:52:44:239"}
{"level":"\u001b[32minfo\u001b[39m","message":"\u001b[32m- POST /api/bot/telegram-order\u001b[39m","timestamp":"2026-03-30 19:52:44:239"}
{"level":"\u001b[32minfo\u001b[39m","message":"\u001b[32m- GET /api/bot/telegram-health\u001b[39m","timestamp":"2026-03-30 19:52:44:240"}
{"level":"\u001b[32minfo\u001b[39m","message":"\u001b[32m- POST /api/bot/test-product-conversion\u001b[39m","timestamp":"2026-03-30 19:52:44:240"}
{"level":"\u001b[32minfo\u001b[39m","message":"\u001b[32m- POST /api/sync/update-deal-status (requires auth)\u001b[39m","timestamp":"2026-03-30 19:52:44:240"}
{"level":"\u001b[32minfo\u001b[39m","message":"\u001b[32m- POST /api/sync/create-deal (requires auth)\u001b[39m","timestamp":"2026-03-30 19:52:44:240"}
{"level":"\u001b[32minfo\u001b[39m","message":"\u001b[32m- GET /api/sync/status/:orderId (requires auth)\u001b[39m","timestamp":"2026-03-30 19:52:44:240"}
{"level":"\u001b[32minfo\u001b[39m","message":"\u001b[32m- GET /api/sync/health\u001b[39m","timestamp":"2026-03-30 19:52:44:240"}
{"level":"\u001b[32minfo\u001b[39m","message":"\u001b[32m- GET /health\u001b[39m","timestamp":"2026-03-30 19:52:44:241"}
{"environment":"development","level":"\u001b[32minfo\u001b[39m","message":"\u001b[32mLogger initialized\u001b[39m","timestamp":"2026-03-30 21:16:44:797","transports":4}
{"ecommerceApiUrl":"https://syrnyk-v2-production.up.railway.app","hasApiToken":true,"level":"\u001b[32minfo\u001b[39m","message":"\u001b[32mDatabaseService initialized\u001b[39m","timestamp":"2026-03-30 21:16:44:827"}
{"ecommerceApiUrl":"https://syrnyk-v2-production.up.railway.app","hasApiToken":true,"level":"\u001b[32minfo\u001b[39m","message":"\u001b[32mDatabaseService initialized\u001b[39m","timestamp":"2026-03-30 21:16:44:899"}
{"ecommerceApiUrl":"https://syrnyk-v2-production.up.railway.app","hasApiToken":true,"level":"\u001b[32minfo\u001b[39m","message":"\u001b[32mDatabaseService initialized\u001b[39m","timestamp":"2026-03-30 21:16:44:902"}
{"ecommerceApiUrl":"https://syrnyk-v2-production.up.railway.app","hasApiToken":true,"level":"\u001b[32minfo\u001b[39m","message":"\u001b[32mDatabaseService initialized\u001b[39m","timestamp":"2026-03-30 21:16:44:904"}
{"level":"\u001b[32minfo\u001b[39m","message":"\u001b[32mCRM Integration Service started on port 3005\u001b[39m","timestamp":"2026-03-30 21:16:45:070"}
{"level":"\u001b[32minfo\u001b[39m","message":"\u001b[32mEnvironment: development\u001b[39m","timestamp":"2026-03-30 21:16:45:071"}
{"level":"\u001b[32minfo\u001b[39m","message":"\u001b[32mPort: 3005\u001b[39m","timestamp":"2026-03-30 21:16:45:071"}
{"level":"\u001b[32minfo\u001b[39m","message":"\u001b[32mEcommerce API URL: https://syrnyk-v2-production.up.railway.app\u001b[39m","timestamp":"2026-03-30 21:16:45:071"}
{"level":"\u001b[32minfo\u001b[39m","message":"\u001b[32mAvailable endpoints:\u001b[39m","timestamp":"2026-03-30 21:16:45:072"}
{"level":"\u001b[32minfo\u001b[39m","message":"\u001b[32m- POST /api/bot/telegram-order\u001b[39m","timestamp":"2026-03-30 21:16:45:072"}
{"level":"\u001b[32minfo\u001b[39m","message":"\u001b[32m- GET /api/bot/telegram-health\u001b[39m","timestamp":"2026-03-30 21:16:45:072"}
{"level":"\u001b[32minfo\u001b[39m","message":"\u001b[32m- POST /api/bot/test-product-conversion\u001b[39m","timestamp":"2026-03-30 21:16:45:073"}
{"level":"\u001b[32minfo\u001b[39m","message":"\u001b[32m- POST /api/sync/update-deal-status (requires auth)\u001b[39m","timestamp":"2026-03-30 21:16:45:073"}
{"level":"\u001b[32minfo\u001b[39m","message":"\u001b[32m- POST /api/sync/create-deal (requires auth)\u001b[39m","timestamp":"2026-03-30 21:16:45:073"}
{"level":"\u001b[32minfo\u001b[39m","message":"\u001b[32m- GET /api/sync/status/:orderId (requires auth)\u001b[39m","timestamp":"2026-03-30 21:16:45:073"}
{"level":"\u001b[32minfo\u001b[39m","message":"\u001b[32m- GET /api/sync/health\u001b[39m","timestamp":"2026-03-30 21:16:45:073"}
{"level":"\u001b[32minfo\u001b[39m","message":"\u001b[32m- GET /health\u001b[39m","timestamp":"2026-03-30 21:16:45:074"}
